TN:
SF:app\articles\registry.ts
FNF:15
FNH:5
DA:4,37
DA:5,1907
DA:42,28
DA:43,13
DA:44,12
DA:45,15
DA:46,10
DA:47,13
DA:48,14
DA:49,14
DA:50,12
DA:51,2
DA:53,52
DA:56,27
DA:58,3
DA:61,41
DA:63,2
DA:66,0
DA:67,0
DA:71,0
DA:72,1
DA:75,0
DA:76,0
DA:77,1
DA:81,34
DA:82,57
DA:83,53
DA:84,23
DA:85,135
DA:86,29
DA:87,61
DA:88,27
DA:89,262
DA:90,124
DA:91,4
DA:92,60
DA:93,56
DA:94,23
DA:95,151
DA:96,29
DA:97,64
DA:98,27
DA:99,262
DA:100,106
DA:101,4
DA:102,73
DA:103,69
DA:104,23
DA:105,85
DA:106,29
DA:107,77
DA:108,27
DA:109,262
DA:110,122
DA:111,4
DA:112,76
DA:113,73
DA:114,23
DA:115,79
DA:116,29
DA:117,80
DA:118,27
DA:119,262
DA:120,102
DA:121,4
DA:122,63
DA:123,59
DA:124,23
DA:125,114
DA:126,29
DA:127,67
DA:128,27
DA:129,262
DA:130,97
DA:131,4
DA:132,82
DA:133,78
DA:134,23
DA:135,77
DA:136,29
DA:137,86
DA:138,27
DA:139,262
DA:140,78
DA:141,4
DA:142,82
DA:143,78
DA:144,23
DA:145,131
DA:146,27
DA:147,86
DA:148,63
DA:149,262
DA:150,127
DA:151,4
DA:152,54
DA:153,50
DA:154,23
DA:155,147
DA:156,27
DA:157,58
DA:158,63
DA:159,262
DA:160,114
DA:161,4
DA:162,70
DA:163,66
DA:164,23
DA:165,163
DA:166,27
DA:167,74
DA:168,63
DA:169,262
DA:170,115
DA:171,18
DA:172,4
DA:173,61
DA:174,70
DA:175,23
DA:176,31
DA:177,172
DA:178,29
DA:179,65
DA:180,63
DA:181,262
DA:182,89
DA:183,18
DA:184,4
DA:185,69
DA:186,66
DA:187,23
DA:188,73
DA:189,29
DA:190,73
DA:191,63
DA:192,262
DA:193,101
DA:194,18
DA:195,4
DA:196,73
DA:197,70
DA:198,23
DA:199,152
DA:200,29
DA:201,77
DA:202,63
DA:203,262
DA:204,117
DA:205,18
DA:206,4
DA:207,62
DA:208,87
DA:209,23
DA:210,31
DA:211,172
DA:212,29
DA:213,66
DA:214,63
DA:215,262
DA:216,88
DA:217,18
DA:218,4
DA:219,65
DA:220,61
DA:221,23
DA:222,31
DA:223,181
DA:224,29
DA:225,69
DA:226,63
DA:227,262
DA:228,90
DA:229,18
DA:230,4
DA:231,65
DA:232,62
DA:233,23
DA:234,31
DA:235,161
DA:236,29
DA:237,69
DA:238,63
DA:239,262
DA:240,111
DA:241,18
DA:242,4
DA:243,61
DA:244,58
DA:245,23
DA:246,197
DA:247,29
DA:248,65
DA:249,63
DA:250,262
DA:251,90
DA:252,18
DA:253,4
DA:254,62
DA:255,58
DA:256,23
DA:257,166
DA:258,29
DA:259,66
DA:260,63
DA:261,262
DA:262,61
DA:263,18
DA:264,4
DA:265,76
DA:266,79
DA:267,23
DA:268,31
DA:269,180
DA:270,29
DA:271,80
DA:272,63
DA:273,262
DA:274,98
DA:275,18
DA:276,4
DA:277,56
DA:278,52
DA:279,23
DA:280,197
DA:281,29
DA:282,60
DA:283,63
DA:284,262
DA:285,127
DA:286,18
DA:287,4
DA:288,84
DA:289,80
DA:290,23
DA:291,191
DA:292,29
DA:293,88
DA:294,63
DA:295,262
DA:296,117
DA:297,18
DA:298,4
DA:299,64
DA:300,60
DA:301,23
DA:302,138
DA:303,29
DA:304,68
DA:305,63
DA:306,262
DA:307,63
DA:308,18
DA:309,4
DA:310,81
DA:311,77
DA:312,23
DA:313,155
DA:314,29
DA:315,85
DA:316,63
DA:317,262
DA:318,80
DA:319,18
DA:320,4
DA:321,60
DA:322,56
DA:323,23
DA:324,80
DA:325,29
DA:326,64
DA:327,63
DA:328,262
DA:329,117
DA:330,18
DA:331,4
DA:332,82
DA:333,82
DA:334,23
DA:335,164
DA:336,29
DA:337,86
DA:338,63
DA:339,262
DA:340,119
DA:341,18
DA:342,4
DA:343,71
DA:344,67
DA:345,23
DA:346,202
DA:347,29
DA:348,75
DA:349,63
DA:350,213
DA:351,111
DA:352,4
DA:353,43
DA:354,39
DA:355,23
DA:356,132
DA:357,29
DA:358,47
DA:359,63
DA:360,262
DA:361,42
DA:362,18
DA:363,4
DA:364,72
DA:365,68
DA:366,23
DA:367,82
DA:368,29
DA:369,76
DA:370,63
DA:371,262
DA:372,42
DA:373,18
DA:374,4
DA:375,79
DA:376,75
DA:377,23
DA:378,176
DA:379,29
DA:380,83
DA:381,63
DA:382,262
DA:383,78
DA:384,18
DA:385,4
DA:386,62
DA:387,58
DA:388,23
DA:389,31
DA:390,188
DA:391,29
DA:392,66
DA:393,63
DA:394,262
DA:395,61
DA:396,21
DA:397,24
DA:398,35
DA:399,4
DA:400,76
DA:401,72
DA:402,23
DA:403,182
DA:404,29
DA:405,80
DA:406,63
DA:407,14
DA:408,75
DA:409,18
DA:410,4
DA:411,61
DA:412,57
DA:413,23
DA:414,13
DA:415,157
DA:416,29
DA:417,65
DA:418,63
DA:419,7
DA:420,255
DA:421,10
DA:422,126
DA:423,4
DA:424,49
DA:425,60
DA:426,23
DA:427,13
DA:428,154
DA:429,29
DA:430,53
DA:431,7
DA:432,255
DA:433,10
DA:434,71
DA:435,18
DA:436,4
DA:437,49
DA:438,48
DA:439,23
DA:440,13
DA:441,142
DA:442,29
DA:443,53
DA:444,7
DA:445,255
DA:446,80
DA:447,18
DA:448,4
DA:449,36
DA:450,64
DA:451,23
DA:452,13
DA:453,180
DA:454,29
DA:455,40
DA:456,63
DA:457,7
DA:458,255
DA:459,10
DA:460,119
DA:461,18
DA:462,4
DA:463,72
DA:464,70
DA:465,23
DA:466,13
DA:467,157
DA:468,29
DA:469,76
DA:470,7
DA:471,255
DA:472,10
DA:473,114
DA:474,4
DA:475,40
DA:476,36
DA:477,23
DA:478,13
DA:479,154
DA:480,29
DA:481,44
DA:482,63
DA:483,7
DA:484,255
DA:485,79
DA:486,18
DA:487,4
DA:488,52
DA:489,55
DA:490,23
DA:491,13
DA:492,167
DA:493,29
DA:494,56
DA:495,7
DA:496,255
DA:497,101
DA:498,4
DA:499,47
DA:500,77
DA:501,23
DA:502,31
DA:503,13
DA:504,166
DA:505,29
DA:506,51
DA:507,63
DA:508,7
DA:509,255
DA:510,10
DA:511,91
DA:512,18
DA:513,4
DA:514,47
DA:515,63
DA:516,23
DA:517,13
DA:518,155
DA:519,29
DA:520,51
DA:521,7
DA:522,255
DA:523,10
DA:524,120
DA:525,4
DA:526,78
DA:527,84
DA:528,23
DA:529,13
DA:530,147
DA:531,29
DA:532,82
DA:533,7
DA:534,255
DA:535,10
DA:536,119
DA:537,18
DA:538,4
DA:539,54
DA:540,57
DA:541,23
DA:542,13
DA:543,172
DA:544,29
DA:545,58
DA:546,63
DA:547,7
DA:548,255
DA:549,10
DA:550,121
DA:551,4
DA:552,63
DA:553,60
DA:554,23
DA:555,13
DA:556,165
DA:557,29
DA:558,67
DA:559,7
DA:560,255
DA:561,112
DA:562,4
DA:563,46
DA:564,42
DA:565,23
DA:566,13
DA:567,131
DA:568,29
DA:569,50
DA:570,7
DA:571,255
DA:572,10
DA:573,111
DA:574,4
DA:575,72
DA:576,75
DA:577,23
DA:578,13
DA:579,163
DA:580,29
DA:581,76
DA:582,63
DA:583,7
DA:584,255
DA:585,10
DA:586,102
DA:587,4
DA:588,50
DA:589,50
DA:590,23
DA:591,13
DA:592,169
DA:593,29
DA:594,54
DA:595,63
DA:596,7
DA:597,255
DA:598,107
DA:599,18
DA:600,4
DA:601,78
DA:602,69
DA:603,23
DA:604,31
DA:605,13
DA:606,131
DA:607,29
DA:608,82
DA:609,7
DA:610,255
DA:611,111
DA:612,21
DA:613,24
DA:614,35
DA:615,4
DA:616,54
DA:617,64
DA:618,23
DA:619,13
DA:620,160
DA:621,29
DA:622,58
DA:623,7
DA:624,255
DA:625,67
DA:626,18
DA:627,4
DA:628,50
DA:629,84
DA:630,23
DA:631,13
DA:632,166
DA:633,29
DA:634,54
DA:635,7
DA:636,255
DA:637,92
DA:638,18
DA:639,4
DA:640,45
DA:641,63
DA:642,23
DA:643,13
DA:644,162
DA:645,29
DA:646,49
DA:647,63
DA:648,7
DA:649,66
DA:650,18
DA:651,4
DA:652,40
DA:653,40
DA:654,23
DA:655,132
DA:656,29
DA:657,44
DA:658,262
DA:659,90
DA:660,18
DA:661,4
DA:662,50
DA:663,60
DA:664,23
DA:665,13
DA:666,150
DA:667,29
DA:668,54
DA:669,7
DA:670,255
DA:671,79
DA:672,24
DA:673,35
DA:674,4
DA:682,71
DA:683,68
DA:684,23
DA:685,13
DA:686,136
DA:687,34
DA:688,76
DA:689,75
DA:690,7
DA:691,259
DA:692,89
DA:693,18
DA:694,4
DA:695,79
DA:696,58
DA:697,23
DA:698,168
DA:699,34
DA:700,76
DA:701,83
DA:702,7
DA:703,54
DA:704,18
DA:705,4
DA:706,79
DA:707,58
DA:708,23
DA:709,173
DA:710,34
DA:711,76
DA:712,83
DA:713,7
DA:714,54
DA:715,18
DA:716,4
DA:717,79
DA:718,57
DA:719,23
DA:720,167
DA:721,34
DA:722,76
DA:723,83
DA:724,7
DA:725,54
DA:726,18
DA:727,4
DA:728,79
DA:729,58
DA:730,23
DA:731,214
DA:732,34
DA:733,76
DA:734,83
DA:735,7
DA:736,54
DA:737,18
DA:738,4
DA:739,79
DA:740,58
DA:741,23
DA:742,238
DA:743,34
DA:744,76
DA:745,83
DA:746,7
DA:747,54
DA:748,18
DA:749,4
DA:750,79
DA:751,57
DA:752,23
DA:753,305
DA:754,34
DA:755,76
DA:756,83
DA:757,7
DA:758,54
DA:759,18
DA:760,4
DA:761,79
DA:762,58
DA:763,23
DA:764,337
DA:765,34
DA:766,76
DA:767,83
DA:768,7
DA:769,54
DA:770,18
DA:771,4
DA:772,79
DA:773,58
DA:774,23
DA:775,178
DA:776,34
DA:777,76
DA:778,83
DA:779,7
DA:780,54
DA:781,21
DA:782,24
DA:783,35
DA:784,2
DA:786,2
DA:794,74
DA:795,27
DA:796,8
DA:797,17
DA:798,32
DA:799,32
DA:801,75
DA:802,47
DA:803,47
DA:805,35
DA:806,2
DA:807,18
DA:809,0
DA:810,0
DA:811,0
DA:812,0
DA:813,0
DA:814,0
DA:815,0
DA:816,0
DA:817,0
DA:818,0
DA:819,0
DA:820,0
DA:821,0
DA:822,0
DA:823,0
DA:824,0
DA:825,1
DA:828,0
DA:829,0
DA:830,0
DA:831,0
DA:832,0
DA:833,0
DA:834,0
DA:835,0
DA:836,0
DA:837,0
DA:838,0
DA:839,0
DA:840,1
DA:845,0
DA:846,0
DA:847,0
DA:848,0
DA:849,0
DA:850,0
DA:851,0
DA:852,0
DA:853,0
DA:854,0
DA:855,0
DA:856,0
DA:857,0
DA:858,0
DA:859,1
DA:862,11
DA:863,85
DA:864,62
DA:865,2
DA:868,0
DA:869,0
DA:870,0
DA:871,0
DA:872,0
DA:873,0
DA:874,0
DA:875,0
DA:876,0
DA:877,1
DA:880,18
DA:881,38
DA:884,0
DA:885,0
DA:886,1
DA:889,0
DA:890,0
DA:891,0
DA:892,0
DA:893,0
DA:894,0
DA:895,0
DA:896,0
DA:897,0
DA:898,0
DA:899,0
DA:900,1
DA:904,0
DA:905,0
DA:906,0
DA:907,0
DA:908,0
DA:909,0
DA:910,0
DA:911,0
DA:912,0
DA:913,0
DA:914,0
DA:915,1
DA:919,153
LF:823
LH:743
end_of_record
TN:
SF:app\articles\seo-config.ts
FNF:1
FNH:0
DA:45,41
DA:46,67
DA:47,14
DA:48,17
DA:49,23
DA:50,20
DA:51,19
DA:52,4
DA:53,70
DA:54,14
DA:55,17
DA:56,23
DA:57,20
DA:58,22
DA:59,84
DA:60,4
DA:61,83
DA:62,14
DA:63,17
DA:64,23
DA:65,20
DA:66,19
DA:67,4
DA:68,86
DA:69,14
DA:70,17
DA:71,23
DA:72,20
DA:73,19
DA:74,4
DA:75,73
DA:76,14
DA:77,17
DA:78,23
DA:79,20
DA:80,22
DA:81,84
DA:82,4
DA:83,92
DA:84,14
DA:85,17
DA:86,23
DA:87,20
DA:88,19
DA:89,4
DA:90,92
DA:91,14
DA:92,17
DA:93,23
DA:94,20
DA:95,19
DA:96,4
DA:97,64
DA:98,14
DA:99,17
DA:100,23
DA:101,20
DA:102,19
DA:103,4
DA:104,80
DA:105,14
DA:106,17
DA:107,23
DA:108,20
DA:109,19
DA:110,4
DA:111,71
DA:112,14
DA:113,17
DA:114,23
DA:115,20
DA:116,22
DA:117,70
DA:118,4
DA:119,50
DA:120,14
DA:121,17
DA:122,23
DA:123,21
DA:124,19
DA:125,4
DA:126,79
DA:127,14
DA:128,17
DA:129,23
DA:130,20
DA:131,19
DA:132,4
DA:133,83
DA:134,14
DA:135,17
DA:136,23
DA:137,20
DA:138,19
DA:139,4
DA:140,72
DA:141,14
DA:142,17
DA:143,23
DA:144,20
DA:145,22
DA:146,94
DA:147,4
DA:148,75
DA:149,14
DA:150,17
DA:151,23
DA:152,21
DA:153,22
DA:154,85
DA:155,4
DA:156,75
DA:157,14
DA:158,17
DA:159,23
DA:160,21
DA:161,22
DA:162,86
DA:163,4
DA:164,71
DA:165,14
DA:166,17
DA:167,23
DA:168,20
DA:169,19
DA:170,4
DA:171,72
DA:172,14
DA:173,17
DA:174,23
DA:175,20
DA:176,19
DA:177,4
DA:178,86
DA:179,14
DA:180,17
DA:181,23
DA:182,21
DA:183,22
DA:184,86
DA:185,4
DA:186,66
DA:187,14
DA:188,17
DA:189,23
DA:190,20
DA:191,19
DA:192,4
DA:193,94
DA:194,14
DA:195,17
DA:196,23
DA:197,20
DA:198,19
DA:199,4
DA:200,74
DA:201,14
DA:202,17
DA:203,23
DA:204,20
DA:205,19
DA:206,4
DA:207,91
DA:208,14
DA:209,17
DA:210,23
DA:211,20
DA:212,19
DA:213,4
DA:214,70
DA:215,14
DA:216,17
DA:217,23
DA:218,20
DA:219,19
DA:220,4
DA:221,92
DA:222,14
DA:223,17
DA:224,23
DA:225,20
DA:226,19
DA:227,4
DA:228,81
DA:229,14
DA:230,17
DA:231,23
DA:232,20
DA:233,19
DA:234,4
DA:235,53
DA:236,14
DA:237,17
DA:238,23
DA:239,20
DA:240,19
DA:241,4
DA:242,82
DA:243,14
DA:244,17
DA:245,23
DA:246,20
DA:247,19
DA:248,4
DA:249,89
DA:250,14
DA:251,17
DA:252,23
DA:253,20
DA:254,19
DA:255,4
DA:256,72
DA:257,14
DA:258,17
DA:259,23
DA:260,20
DA:261,22
DA:262,86
DA:263,4
DA:264,86
DA:265,14
DA:266,17
DA:267,23
DA:268,20
DA:269,19
DA:270,4
DA:271,71
DA:272,14
DA:273,17
DA:274,23
DA:275,20
DA:276,19
DA:277,4
DA:278,46
DA:279,14
DA:280,17
DA:281,23
DA:282,20
DA:283,19
DA:284,4
DA:285,82
DA:286,14
DA:287,17
DA:288,23
DA:289,20
DA:290,19
DA:291,4
DA:292,62
DA:293,14
DA:294,17
DA:295,23
DA:296,20
DA:297,19
DA:298,4
DA:299,57
DA:300,14
DA:301,17
DA:302,23
DA:303,21
DA:304,22
DA:305,97
DA:306,4
DA:307,57
DA:308,14
DA:309,17
DA:310,23
DA:311,20
DA:312,19
DA:313,4
DA:314,88
DA:315,14
DA:316,17
DA:317,23
DA:318,20
DA:319,19
DA:320,4
DA:321,64
DA:322,14
DA:323,17
DA:324,23
DA:325,20
DA:326,19
DA:327,4
DA:328,73
DA:329,14
DA:330,17
DA:331,23
DA:332,20
DA:333,19
DA:334,4
DA:335,56
DA:336,14
DA:337,17
DA:338,23
DA:339,20
DA:340,19
DA:341,4
DA:342,82
DA:343,14
DA:344,17
DA:345,23
DA:346,20
DA:347,19
DA:348,4
DA:349,60
DA:350,14
DA:351,17
DA:352,23
DA:353,20
DA:354,19
DA:355,4
DA:356,88
DA:357,14
DA:358,17
DA:359,23
DA:360,20
DA:361,22
DA:362,85
DA:363,4
DA:364,64
DA:365,14
DA:366,17
DA:367,23
DA:368,20
DA:369,19
DA:370,4
DA:371,60
DA:372,14
DA:373,17
DA:374,23
DA:375,20
DA:376,19
DA:377,4
DA:378,55
DA:379,14
DA:380,17
DA:381,23
DA:382,20
DA:383,19
DA:384,4
DA:385,60
DA:386,14
DA:387,17
DA:388,23
DA:389,20
DA:390,22
DA:391,86
DA:392,4
DA:393,64
DA:394,14
DA:395,17
DA:396,23
DA:397,20
DA:398,19
DA:399,4
DA:400,58
DA:401,14
DA:402,17
DA:403,23
DA:404,20
DA:405,19
DA:406,4
DA:407,54
DA:408,14
DA:409,17
DA:410,23
DA:411,20
DA:412,19
DA:413,4
DA:414,67
DA:415,14
DA:416,17
DA:417,23
DA:418,20
DA:419,19
DA:420,4
DA:421,50
DA:422,14
DA:423,17
DA:424,23
DA:425,20
DA:426,19
DA:427,4
DA:428,59
DA:429,14
DA:430,17
DA:431,23
DA:432,20
DA:433,19
DA:434,4
DA:435,63
DA:436,14
DA:437,17
DA:438,23
DA:439,20
DA:440,19
DA:441,4
DA:442,56
DA:443,14
DA:444,17
DA:445,23
DA:446,20
DA:447,19
DA:448,4
DA:449,62
DA:450,14
DA:451,17
DA:452,23
DA:453,20
DA:454,19
DA:455,4
DA:456,60
DA:457,14
DA:458,17
DA:459,23
DA:460,20
DA:461,19
DA:462,4
DA:463,67
DA:464,14
DA:465,17
DA:466,23
DA:467,20
DA:468,19
DA:469,4
DA:470,59
DA:471,14
DA:472,17
DA:473,23
DA:474,20
DA:475,19
DA:476,4
DA:477,57
DA:478,14
DA:479,17
DA:480,23
DA:481,20
DA:482,19
DA:483,4
DA:484,49
DA:485,14
DA:486,17
DA:487,23
DA:488,20
DA:489,19
DA:490,4
DA:491,88
DA:492,14
DA:493,17
DA:494,23
DA:495,20
DA:496,19
DA:497,4
DA:498,54
DA:499,14
DA:500,17
DA:501,23
DA:502,20
DA:503,19
DA:504,4
DA:505,67
DA:506,14
DA:507,17
DA:508,23
DA:509,20
DA:510,19
DA:511,4
DA:512,52
DA:513,14
DA:514,17
DA:515,23
DA:516,20
DA:517,19
DA:518,4
DA:519,45
DA:520,14
DA:521,17
DA:522,23
DA:523,20
DA:524,19
DA:525,4
DA:526,51
DA:527,14
DA:528,17
DA:529,23
DA:530,20
DA:531,19
DA:532,4
DA:533,56
DA:534,14
DA:535,17
DA:536,23
DA:537,20
DA:538,19
DA:539,4
DA:540,88
DA:541,14
DA:542,17
DA:543,23
DA:544,20
DA:545,19
DA:546,4
DA:547,71
DA:548,14
DA:549,17
DA:550,23
DA:551,20
DA:552,19
DA:553,4
DA:554,48
DA:555,14
DA:556,17
DA:557,23
DA:558,20
DA:559,19
DA:560,4
DA:561,47
DA:562,14
DA:563,17
DA:564,23
DA:565,20
DA:566,19
DA:567,4
DA:568,55
DA:569,14
DA:570,17
DA:571,23
DA:572,20
DA:573,19
DA:574,4
DA:575,79
DA:576,14
DA:577,17
DA:578,23
DA:579,20
DA:580,19
DA:581,4
DA:582,85
DA:583,14
DA:584,17
DA:585,23
DA:586,20
DA:587,19
DA:588,4
DA:589,50
DA:590,14
DA:591,17
DA:592,23
DA:593,20
DA:594,19
DA:595,4
DA:596,81
DA:597,14
DA:598,17
DA:599,22
DA:600,20
DA:601,22
DA:602,59
DA:603,56
DA:604,6
DA:605,23
DA:606,20
DA:607,26
DA:608,3
DA:609,4
DA:610,77
DA:611,14
DA:612,17
DA:613,22
DA:614,20
DA:615,22
DA:616,23
DA:617,20
DA:618,26
DA:619,3
DA:620,4
DA:621,59
DA:622,14
DA:623,17
DA:624,22
DA:625,20
DA:626,22
DA:627,23
DA:628,20
DA:629,26
DA:630,3
DA:631,4
DA:632,62
DA:633,14
DA:634,17
DA:635,22
DA:636,20
DA:637,22
DA:638,23
DA:639,20
DA:640,26
DA:641,3
DA:642,4
DA:643,59
DA:644,14
DA:645,17
DA:646,22
DA:647,20
DA:648,22
DA:649,23
DA:650,20
DA:651,26
DA:652,3
DA:653,4
DA:654,79
DA:655,14
DA:656,17
DA:657,23
DA:658,21
DA:659,22
DA:660,23
DA:661,20
DA:662,26
DA:663,3
DA:664,4
DA:665,89
DA:666,14
DA:667,17
DA:668,22
DA:669,20
DA:670,22
DA:671,86
DA:672,2
DA:673,2
DA:675,0
DA:676,1
LF:631
LH:630
end_of_record
TN:
SF:app\components\ArticleRunStageProgress.tsx
FNF:20
FNH:6
DA:1,116
DA:7,28
DA:8,36
DA:10,122
DA:50,34
DA:51,5
DA:52,20
DA:53,27
DA:54,57
DA:55,46
DA:56,44
DA:57,4
DA:58,5
DA:59,22
DA:60,40
DA:61,68
DA:62,48
DA:63,68
DA:64,4
DA:65,5
DA:66,25
DA:67,45
DA:68,82
DA:69,57
DA:70,74
DA:71,4
DA:72,5
DA:73,26
DA:74,37
DA:75,64
DA:76,47
DA:77,61
DA:78,4
DA:79,5
DA:80,19
DA:81,31
DA:82,68
DA:83,45
DA:84,63
DA:85,4
DA:86,5
DA:87,19
DA:88,30
DA:89,63
DA:90,47
DA:91,55
DA:92,4
DA:93,5
DA:94,19
DA:95,27
DA:96,51
DA:97,42
DA:98,53
DA:99,4
DA:100,5
DA:101,17
DA:102,41
DA:103,56
DA:104,52
DA:105,64
DA:106,4
DA:107,5
DA:108,18
DA:109,31
DA:110,62
DA:111,51
DA:112,64
DA:113,4
DA:114,5
DA:115,17
DA:116,30
DA:117,48
DA:118,52
DA:119,72
DA:120,2
DA:121,2
DA:123,92
DA:124,65
DA:125,107
DA:126,72
DA:127,106
DA:128,39
DA:129,11
DA:130,12
DA:131,26
DA:132,27
DA:133,22
DA:134,20
DA:135,2
DA:137,10
DA:138,44
DA:139,38
DA:142,0
DA:143,0
DA:144,0
DA:145,0
DA:146,0
DA:147,0
DA:148,0
DA:149,0
DA:150,0
DA:151,0
DA:152,0
DA:153,1
DA:156,0
DA:157,0
DA:158,0
DA:159,0
DA:160,0
DA:161,0
DA:162,0
DA:163,0
DA:164,0
DA:165,0
DA:166,0
DA:167,0
DA:168,0
DA:169,0
DA:170,0
DA:171,0
DA:172,0
DA:173,0
DA:174,0
DA:175,0
DA:176,0
DA:177,0
DA:178,0
DA:179,0
DA:180,0
DA:181,0
DA:182,0
DA:183,0
DA:184,0
DA:185,0
DA:186,0
DA:187,0
DA:188,0
DA:189,0
DA:190,0
DA:191,0
DA:192,0
DA:193,0
DA:194,0
DA:195,0
DA:196,0
DA:197,0
DA:198,0
DA:199,0
DA:200,0
DA:201,0
DA:202,0
DA:203,0
DA:204,0
DA:205,0
DA:206,0
DA:207,0
DA:208,0
DA:209,0
DA:210,0
DA:211,0
DA:212,0
DA:213,0
DA:214,0
DA:215,0
DA:216,0
DA:217,0
DA:218,0
DA:219,0
DA:220,0
DA:221,0
DA:222,0
DA:223,0
DA:224,0
DA:225,0
DA:226,0
DA:227,0
DA:228,0
DA:229,0
DA:230,0
DA:231,0
DA:232,0
DA:233,0
DA:234,0
DA:235,0
DA:236,0
DA:237,0
DA:238,0
DA:239,0
DA:240,0
DA:241,0
DA:242,0
DA:243,0
DA:244,0
DA:245,0
DA:246,0
DA:247,0
DA:248,0
DA:249,0
DA:250,0
DA:254,9
DA:255,52
DA:256,7
DA:257,19
DA:258,19
DA:259,19
DA:260,34
DA:261,4
DA:265,0
DA:266,0
DA:267,0
DA:268,0
DA:272,0
DA:273,0
DA:274,0
DA:275,0
DA:279,0
DA:280,0
DA:281,0
DA:282,0
DA:283,1
DA:286,14
DA:287,68
DA:288,59
DA:289,46
DA:290,43
DA:291,16
DA:292,2
DA:293,46
DA:294,48
DA:295,18
DA:296,23
DA:297,4
DA:298,0
DA:299,0
DA:300,2
DA:301,64
DA:302,100
DA:303,100
DA:304,49
DA:305,61
DA:307,50
DA:308,54
DA:309,41
DA:310,30
DA:311,47
DA:312,18
DA:313,62
DA:314,29
DA:315,42
DA:316,73
DA:317,119
DA:318,94
DA:320,17
DA:321,12
DA:322,13
DA:323,8
DA:324,80
DA:325,87
DA:326,86
DA:327,16
DA:328,23
DA:329,20
DA:330,22
DA:331,2
DA:332,24
DA:333,2
DA:334,20
DA:335,1
DA:336,2
DA:339,0
DA:340,0
DA:341,0
DA:342,1
DA:345,14
DA:346,59
DA:347,40
DA:348,26
DA:351,0
DA:352,0
DA:353,0
DA:354,0
DA:355,0
DA:356,0
DA:357,0
DA:358,0
DA:359,0
DA:360,0
DA:361,0
DA:362,0
DA:363,0
DA:364,0
DA:365,0
DA:366,0
DA:367,0
DA:368,0
DA:369,0
DA:370,0
DA:371,0
DA:372,0
DA:373,0
DA:374,0
DA:375,0
DA:376,0
DA:377,0
DA:378,0
DA:379,0
DA:380,0
DA:381,0
DA:382,0
DA:383,0
DA:384,0
DA:385,0
DA:386,0
DA:387,0
DA:388,0
DA:389,0
DA:390,0
DA:391,0
DA:392,0
DA:393,0
DA:394,0
DA:395,0
DA:396,0
DA:397,0
DA:398,0
DA:399,0
DA:400,0
DA:401,0
DA:402,0
DA:403,0
DA:404,0
DA:405,0
DA:406,0
DA:407,0
DA:408,0
DA:409,0
DA:410,0
DA:411,0
DA:412,0
DA:413,0
DA:414,0
DA:415,0
DA:416,0
DA:417,0
DA:418,0
DA:419,0
DA:420,0
DA:421,0
DA:422,0
DA:423,0
DA:424,0
DA:425,0
DA:426,0
DA:427,0
DA:428,0
DA:429,0
DA:430,0
DA:431,0
DA:432,0
DA:433,0
DA:434,0
DA:435,0
DA:436,0
DA:437,0
DA:438,0
DA:439,0
DA:440,0
DA:441,0
DA:442,0
DA:443,0
DA:444,0
DA:445,0
DA:446,0
DA:447,0
DA:448,0
DA:449,0
DA:450,0
DA:451,0
DA:452,0
DA:453,0
DA:454,0
DA:455,0
DA:456,0
DA:457,0
DA:458,0
DA:459,0
DA:460,0
DA:461,0
DA:462,0
DA:463,0
DA:464,0
DA:465,0
DA:466,0
DA:467,67
LF:394
LH:155
end_of_record
TN:
SF:app\components\ArticleSystemConnectionPanel.tsx
FNF:80
FNH:39
DA:1,83
DA:2,28
DA:3,61
DA:4,233
DA:25,127
DA:31,49
DA:32,63
DA:33,77
DA:34,125
DA:40,71
DA:41,78
DA:61,84
DA:62,52
DA:63,94
DA:64,113
DA:65,52
DA:66,14
DA:67,26
DA:68,22
DA:69,22
DA:70,11
DA:71,12
DA:72,25
DA:73,11
DA:74,14
DA:75,11
DA:76,3
DA:77,138
DA:78,100
DA:79,85
DA:81,15
DA:82,80
DA:85,28
DA:86,14
DA:87,31
DA:88,32
DA:89,44
DA:90,22
DA:91,2
DA:92,8
DA:95,28
DA:96,76
DA:97,7
DA:98,38
DA:99,25
DA:100,33
DA:101,70
DA:105,17
DA:106,55
DA:107,98
DA:108,15
DA:114,1
DA:115,13
DA:116,3
DA:117,59
DA:118,25
DA:119,29
DA:120,106
DA:121,31
DA:122,16
DA:123,21
DA:124,22
DA:125,15
DA:126,24
DA:127,0
DA:128,0
DA:129,4
DA:130,43
DA:131,2
DA:132,81
DA:136,17
DA:137,35
DA:138,28
DA:139,49
DA:142,4
DA:143,12
DA:144,14
DA:145,8
DA:146,16
DA:152,3
DA:153,7
DA:154,17
DA:155,28
DA:156,29
DA:157,26
DA:158,27
DA:159,33
DA:160,15
DA:161,12
DA:162,2
DA:166,11
DA:167,72
DA:170,14
DA:171,41
DA:172,50
DA:173,35
DA:174,74
DA:175,25
DA:178,18
DA:179,28
DA:180,40
DA:181,53
DA:182,2
DA:183,9
DA:186,0
DA:187,0
DA:188,0
DA:189,0
DA:190,0
DA:194,0
DA:195,0
DA:196,0
DA:197,0
DA:198,0
DA:202,18
DA:203,21
DA:204,0
DA:205,0
DA:206,0
DA:207,0
DA:208,0
DA:209,0
DA:210,0
DA:213,18
DA:214,24
DA:215,0
DA:216,0
DA:217,0
DA:218,0
DA:219,0
DA:220,0
DA:221,0
DA:224,9
DA:225,21
DA:226,0
DA:227,0
DA:228,0
DA:229,0
DA:230,0
DA:231,0
DA:232,0
DA:233,0
DA:234,0
DA:235,0
DA:236,0
DA:237,0
DA:241,9
DA:242,21
DA:243,0
DA:244,0
DA:245,0
DA:246,0
DA:247,0
DA:248,0
DA:249,0
DA:250,0
DA:251,0
DA:252,0
DA:253,0
DA:257,11
DA:258,47
DA:261,9
DA:262,26
DA:263,53
DA:264,95
DA:265,97
DA:268,9
DA:269,14
DA:270,73
DA:271,28
DA:274,9
DA:275,14
DA:276,40
DA:277,14
DA:278,32
DA:279,31
DA:280,24
DA:281,23
DA:282,2
DA:283,8
DA:286,11
DA:287,35
DA:288,35
DA:289,12
DA:290,12
DA:291,17
DA:292,16
DA:293,11
DA:294,17
DA:295,16
DA:296,18
DA:297,17
DA:298,26
DA:299,24
DA:300,7
DA:301,73
DA:304,9
DA:305,14
DA:306,147
DA:309,9
DA:310,26
DA:311,41
DA:312,45
DA:313,0
DA:316,9
DA:317,26
DA:318,41
DA:319,96
DA:322,0
DA:323,0
DA:324,0
DA:325,0
DA:326,0
DA:327,0
DA:328,0
DA:329,0
DA:330,0
DA:331,0
DA:332,0
DA:333,0
DA:334,0
DA:335,0
DA:339,33
DA:340,23
DA:341,46
DA:342,37
DA:343,43
DA:344,40
DA:345,10
DA:346,7
DA:347,162
DA:348,205
DA:349,67
DA:350,166
DA:351,182
DA:352,29
DA:353,15
DA:357,6
DA:358,7
DA:359,186
DA:360,299
DA:361,296
DA:362,298
DA:363,300
DA:364,15
DA:368,4
DA:369,9
DA:370,8
DA:371,14
DA:372,11
DA:373,12
DA:380,3
DA:381,70
DA:382,103
DA:384,0
DA:385,2
DA:386,41
DA:388,49
DA:389,53
DA:390,22
DA:391,31
DA:392,25
DA:393,25
DA:394,22
DA:395,40
DA:396,27
DA:397,5
DA:398,39
DA:399,37
DA:400,42
DA:401,39
DA:402,21
DA:403,40
DA:404,45
DA:405,5
DA:406,59
DA:407,51
DA:408,64
DA:409,54
DA:410,21
DA:412,7
DA:413,95
DA:414,195
DA:415,68
DA:416,16
DA:417,108
DA:418,10
DA:419,10
DA:421,15
DA:422,16
DA:423,192
DA:424,71
DA:425,27
DA:426,81
DA:427,38
DA:428,21
DA:430,75
DA:431,206
DA:432,207
DA:433,47
DA:434,51
DA:435,243
DA:436,41
DA:437,216
DA:438,37
DA:439,43
DA:440,142
DA:441,264
DA:442,217
DA:443,54
DA:444,37
DA:445,10
DA:446,83
DA:447,41
DA:448,48
DA:449,130
DA:452,15
DA:453,21
DA:454,33
DA:455,15
DA:459,0
DA:460,0
DA:461,0
DA:462,0
DA:463,0
DA:468,0
DA:469,0
DA:473,0
DA:477,0
DA:478,0
DA:479,0
DA:480,0
DA:481,0
DA:482,0
DA:483,0
DA:484,0
DA:485,0
DA:486,0
DA:487,0
DA:488,0
DA:489,0
DA:490,0
DA:491,0
DA:492,0
DA:493,0
DA:494,0
DA:495,0
DA:496,0
DA:497,0
DA:498,0
DA:499,0
DA:500,0
DA:501,0
DA:502,0
DA:503,0
DA:504,0
DA:505,0
DA:506,0
DA:507,0
DA:508,0
DA:509,0
DA:510,0
DA:511,0
DA:512,0
DA:513,0
DA:514,0
DA:515,0
DA:516,0
DA:517,0
DA:518,0
DA:519,0
DA:520,0
DA:521,0
DA:522,0
DA:523,0
DA:524,0
DA:525,0
DA:526,0
DA:527,0
DA:528,0
DA:529,0
DA:530,0
DA:531,0
DA:532,0
DA:533,0
DA:534,0
DA:535,0
DA:536,0
DA:537,0
DA:538,0
DA:539,0
DA:540,0
DA:541,0
DA:542,0
DA:547,0
DA:548,0
DA:549,0
DA:550,0
DA:551,0
DA:552,0
DA:553,0
DA:554,0
DA:555,0
DA:556,0
DA:557,0
DA:558,0
DA:559,0
DA:560,0
DA:561,0
DA:562,0
DA:563,0
DA:564,0
DA:565,0
DA:566,0
DA:567,0
DA:568,0
DA:569,0
DA:570,0
DA:571,0
DA:572,0
DA:573,0
DA:574,0
DA:575,0
DA:576,0
DA:577,0
DA:578,0
DA:579,0
DA:580,0
DA:581,0
DA:582,0
DA:583,0
DA:584,0
DA:585,0
DA:590,0
DA:591,0
DA:592,0
DA:593,0
DA:594,0
DA:595,0
DA:596,0
DA:597,0
DA:598,0
DA:599,0
DA:600,0
DA:601,0
DA:602,0
DA:603,0
DA:604,0
DA:605,0
DA:606,0
DA:607,0
DA:608,0
DA:609,0
DA:610,0
DA:611,0
DA:612,0
DA:613,0
DA:614,0
DA:615,0
DA:616,0
DA:617,0
DA:618,0
DA:619,0
DA:620,0
DA:621,0
DA:622,0
DA:623,0
DA:624,0
DA:625,0
DA:626,0
DA:627,0
DA:628,0
DA:629,0
DA:630,0
DA:631,0
DA:632,0
DA:633,0
DA:634,0
DA:635,0
DA:636,0
DA:637,0
DA:638,0
DA:639,0
DA:640,0
DA:641,0
DA:642,0
DA:643,0
DA:648,23
DA:649,67
DA:650,93
DA:651,28
DA:652,53
DA:653,2
DA:654,9
DA:657,17
DA:658,12
DA:659,14
DA:660,15
DA:661,18
DA:662,16
DA:663,24
DA:664,29
DA:665,74
DA:666,18
DA:667,10
DA:668,20
DA:669,16
DA:670,30
DA:671,19
DA:672,3
DA:673,40
DA:674,33
DA:675,39
DA:676,41
DA:677,62
DA:678,43
DA:679,43
DA:680,69
DA:681,55
DA:682,45
DA:683,62
DA:684,27
DA:685,39
DA:686,52
DA:687,62
DA:688,90
DA:689,82
DA:690,67
DA:691,72
DA:692,97
DA:693,102
DA:694,99
DA:695,59
DA:696,91
DA:697,102
DA:698,100
DA:699,110
DA:700,147
DA:701,119
DA:702,59
DA:703,99
DA:704,79
DA:705,78
DA:706,58
DA:707,62
DA:708,51
DA:709,108
DA:710,138
DA:711,33
DA:712,33
DA:713,32
DA:714,77
DA:715,4
DA:716,101
DA:721,37
DA:722,28
DA:723,79
DA:724,78
DA:725,4
DA:726,115
DA:727,55
DA:728,55
DA:729,57
DA:730,72
DA:731,73
DA:732,71
DA:734,82
DA:735,90
DA:736,91
DA:737,79
DA:738,73
DA:739,81
DA:740,63
DA:741,67
DA:742,63
DA:743,91
DA:744,76
DA:745,50
DA:746,51
DA:747,49
DA:748,55
DA:749,64
DA:750,107
DA:751,4
DA:753,120
DA:754,78
DA:755,75
DA:756,43
DA:757,37
DA:758,5
DA:759,10
DA:760,39
DA:761,27
DA:762,56
DA:763,112
DA:764,27
DA:765,29
DA:766,2
DA:767,27
DA:768,2
DA:769,27
DA:770,2
DA:771,4
DA:772,22
DA:773,50
DA:774,2
DA:775,27
DA:776,2
DA:777,45
DA:778,75
DA:779,68
DA:780,69
DA:781,68
DA:782,68
DA:783,103
DA:784,50
DA:785,38
DA:786,34
DA:787,30
DA:788,28
DA:789,38
DA:790,34
DA:791,28
DA:792,4
DA:796,65
DA:797,72
DA:798,44
DA:800,0
DA:801,0
DA:802,0
DA:803,0
DA:804,0
DA:805,0
DA:806,0
DA:807,0
DA:808,0
DA:809,0
DA:810,2
DA:811,4
DA:812,37
DA:813,37
DA:814,34
DA:815,89
DA:816,16
DA:817,4
DA:818,42
DA:819,34
DA:820,107
DA:821,4
DA:822,24
DA:823,54
DA:824,45
DA:825,41
DA:826,43
DA:827,93
DA:828,96
DA:829,31
DA:830,15
DA:831,28
DA:832,42
DA:833,71
DA:834,4
DA:835,34
DA:836,27
DA:837,33
DA:838,45
DA:839,76
DA:840,4
DA:841,94
DA:847,81
DA:848,91
DA:853,100
DA:854,24
DA:855,42
DA:856,17
DA:857,39
DA:858,75
DA:861,67
DA:862,65
DA:863,13
DA:864,23
DA:865,9
DA:866,16
DA:867,2
DA:868,19
DA:869,2
DA:870,22
DA:871,2
DA:872,41
DA:873,14
DA:874,0
DA:875,0
DA:876,0
DA:877,0
DA:878,2
DA:879,104
DA:880,58
DA:881,14
DA:882,22
DA:883,21
DA:884,16
DA:885,16
DA:886,15
DA:887,14
DA:888,41
DA:889,37
DA:890,67
DA:891,23
DA:892,19
DA:893,20
DA:894,38
DA:895,5
DA:897,0
DA:898,0
DA:899,0
DA:900,0
DA:901,0
DA:902,2
DA:903,52
DA:905,0
DA:906,2
DA:907,22
DA:909,0
DA:910,0
DA:911,0
DA:912,0
DA:913,0
DA:914,2
DA:915,6
DA:917,0
DA:918,0
DA:919,0
DA:920,0
DA:921,0
DA:922,2
DA:923,70
DA:925,0
DA:926,0
DA:927,0
DA:928,0
DA:929,0
DA:930,0
DA:931,0
DA:932,0
DA:933,2
DA:934,69
DA:936,0
DA:937,0
DA:938,0
DA:939,0
DA:940,0
DA:941,0
DA:942,0
DA:943,0
DA:944,0
DA:945,0
DA:946,0
DA:947,0
DA:948,0
DA:949,0
DA:950,0
DA:951,0
DA:952,0
DA:953,0
DA:954,0
DA:955,0
DA:956,0
DA:957,0
DA:958,0
DA:959,2
DA:960,5
DA:961,21
DA:962,21
DA:963,16
DA:964,21
DA:965,33
DA:966,27
DA:967,11
DA:968,5
DA:970,0
DA:971,0
DA:972,0
DA:973,0
DA:974,0
DA:975,0
DA:976,0
DA:977,2
DA:978,108
DA:980,0
DA:981,0
DA:982,0
DA:983,0
DA:984,0
DA:985,0
DA:986,0
DA:987,0
DA:988,0
DA:989,0
DA:990,0
DA:991,2
DA:993,36
DA:995,0
DA:996,0
DA:997,0
DA:998,3
DA:1001,48
DA:1002,0
DA:1003,0
DA:1004,0
DA:1005,2
DA:1006,5
DA:1007,28
DA:1008,3
DA:1010,0
DA:1011,0
DA:1012,0
DA:1013,0
DA:1014,0
DA:1015,0
DA:1016,3
DA:1019,73
DA:1020,32
DA:1021,18
DA:1022,46
DA:1023,74
DA:1024,17
DA:1025,6
DA:1026,23
DA:1027,49
DA:1028,83
DA:1029,18
DA:1030,6
DA:1031,17
DA:1032,47
DA:1033,95
DA:1034,18
DA:1035,6
DA:1036,21
DA:1037,47
DA:1038,77
DA:1039,18
DA:1040,6
DA:1041,22
DA:1042,32
DA:1043,74
DA:1044,17
DA:1045,6
DA:1046,18
DA:1047,53
DA:1048,88
DA:1049,19
DA:1050,6
DA:1051,14
DA:1052,41
DA:1053,99
DA:1054,19
DA:1055,6
DA:1056,21
DA:1057,46
DA:1058,92
DA:1059,19
DA:1060,6
DA:1061,15
DA:1062,55
DA:1063,96
DA:1064,15
DA:1065,3
DA:1066,4
DA:1069,74
DA:1073,40
DA:1074,47
DA:1075,105
DA:1076,2
DA:1077,11
DA:1078,37
DA:1079,43
DA:1080,94
DA:1081,4
DA:1082,32
DA:1083,39
DA:1084,89
DA:1085,2
DA:1086,11
DA:1087,30
DA:1088,59
DA:1089,0
DA:1090,0
DA:1091,0
DA:1092,0
DA:1093,2
DA:1094,80
DA:1095,0
DA:1096,0
DA:1097,0
DA:1098,0
DA:1099,2
DA:1100,59
DA:1101,5
DA:1102,53
DA:1103,28
DA:1104,214
DA:1105,26
DA:1106,93
DA:1107,125
DA:1108,16
DA:1109,3
DA:1110,36
DA:1111,30
DA:1112,47
DA:1113,44
DA:1114,41
DA:1115,35
DA:1116,38
DA:1117,32
DA:1118,28
DA:1119,59
DA:1120,2
DA:1121,50
DA:1122,32
DA:1123,53
DA:1124,61
DA:1125,76
DA:1126,76
DA:1127,68
DA:1128,63
DA:1129,64
DA:1130,79
DA:1131,55
DA:1132,4
DA:1133,23
DA:1134,37
DA:1135,0
DA:1136,0
DA:1137,0
DA:1138,0
DA:1139,0
DA:1140,0
DA:1141,0
DA:1142,0
DA:1143,0
DA:1144,0
DA:1146,0
DA:1147,0
DA:1148,0
DA:1149,0
DA:1150,0
DA:1151,0
DA:1152,0
DA:1155,0
DA:1157,0
DA:1158,0
DA:1159,0
DA:1160,0
DA:1161,0
DA:1162,0
DA:1163,0
DA:1164,0
DA:1166,0
DA:1167,0
DA:1168,0
DA:1169,2
DA:1171,137
DA:1172,14
DA:1173,63
DA:1174,21
DA:1175,16
DA:1176,127
DA:1177,29
DA:1178,2
DA:1179,46
DA:1180,5
DA:1182,26
DA:1183,110
DA:1184,14
DA:1186,0
DA:1187,0
DA:1188,0
DA:1189,0
DA:1191,0
DA:1192,2
DA:1194,32
DA:1195,0
DA:1196,0
DA:1197,0
DA:1198,0
DA:1200,0
DA:1201,0
DA:1202,2
DA:1203,65
DA:1204,63
DA:1205,56
DA:1206,188
DA:1208,26
DA:1209,110
DA:1210,16
DA:1212,64
DA:1213,19
DA:1214,19
DA:1215,148
DA:1217,24
DA:1218,13
DA:1221,7
DA:1222,162
DA:1223,154
DA:1224,71
DA:1225,235
DA:1227,22
DA:1228,297
DA:1230,32
DA:1231,34
DA:1232,230
DA:1233,36
DA:1234,144
DA:1235,42
DA:1236,26
DA:1238,94
DA:1239,81
DA:1240,15
DA:1242,23
DA:1243,390
DA:1246,10
DA:1247,10
DA:1249,103
DA:1250,72
DA:1251,22
DA:1252,56
DA:1253,77
DA:1254,42
DA:1256,12
DA:1257,0
DA:1258,0
DA:1259,0
DA:1260,0
DA:1261,0
DA:1262,0
DA:1264,0
DA:1265,0
DA:1266,0
DA:1267,0
DA:1268,0
DA:1270,0
DA:1271,0
DA:1272,0
DA:1274,0
DA:1275,0
DA:1276,0
DA:1277,0
DA:1278,0
DA:1279,0
DA:1280,0
DA:1281,0
DA:1282,0
DA:1283,0
DA:1284,0
DA:1286,0
DA:1287,0
DA:1288,0
DA:1289,0
DA:1290,0
DA:1291,0
DA:1292,0
DA:1293,2
DA:1295,164
DA:1296,118
DA:1297,163
DA:1298,239
DA:1299,243
DA:1300,249
DA:1301,130
DA:1302,259
DA:1303,14
DA:1304,90
DA:1305,52
DA:1306,47
DA:1307,223
DA:1309,26
DA:1310,0
DA:1311,0
DA:1312,0
DA:1313,0
DA:1314,0
DA:1315,0
DA:1316,0
DA:1318,2
DA:1319,19
DA:1320,131
DA:1321,37
DA:1322,10
DA:1323,31
DA:1324,11
DA:1326,0
DA:1327,0
DA:1328,0
DA:1329,0
DA:1330,0
DA:1331,53
DA:1333,64
DA:1334,150
DA:1335,87
DA:1336,43
DA:1337,107
DA:1338,222
DA:1340,194
DA:1341,94
DA:1342,69
DA:1343,33
DA:1344,302
DA:1345,174
DA:1347,81
DA:1348,53
DA:1349,183
DA:1350,185
DA:1351,192
DA:1352,27
DA:1353,2
DA:1354,101
DA:1355,9
DA:1356,332
DA:1357,181
DA:1358,6
DA:1359,53
DA:1360,60
DA:1361,86
DA:1362,51
DA:1363,47
DA:1364,43
DA:1365,55
DA:1366,46
DA:1368,148
DA:1369,43
DA:1370,109
DA:1373,38
DA:1374,66
DA:1375,71
DA:1376,46
DA:1377,147
DA:1378,216
DA:1379,157
DA:1380,30
DA:1381,81
DA:1382,245
DA:1383,301
DA:1385,31
DA:1386,281
DA:1387,71
DA:1388,59
DA:1389,37
DA:1391,22
DA:1393,72
DA:1394,22
DA:1395,41
DA:1396,75
DA:1397,39
DA:1399,13
DA:1400,0
DA:1402,2
DA:1403,22
DA:1404,92
DA:1405,156
DA:1406,40
DA:1407,177
DA:1408,179
DA:1409,246
DA:1410,67
DA:1411,0
DA:1412,0
DA:1413,0
DA:1414,0
DA:1415,0
DA:1416,0
DA:1418,0
DA:1419,0
DA:1420,2
DA:1421,26
DA:1422,83
DA:1423,39
DA:1424,39
DA:1425,45
DA:1426,72
DA:1427,216
DA:1429,51
DA:1430,83
DA:1431,80
DA:1432,49
DA:1433,8
DA:1434,29
DA:1435,20
DA:1436,18
DA:1437,74
DA:1438,16
DA:1439,58
DA:1440,76
DA:1441,15
DA:1443,23
DA:1444,2
DA:1445,101
DA:1446,10
DA:1448,294
DA:1450,20
DA:1452,22
DA:1454,72
DA:1455,22
DA:1456,43
DA:1457,13
DA:1458,19
DA:1459,2
DA:1460,97
DA:1462,49
DA:1464,19
DA:1465,0
DA:1466,0
DA:1467,0
DA:1468,0
DA:1469,0
DA:1470,0
DA:1471,0
DA:1472,0
DA:1474,0
DA:1476,0
DA:1477,0
DA:1478,0
DA:1479,2
DA:1480,35
DA:1481,152
DA:1482,170
DA:1483,123
DA:1484,221
DA:1485,163
DA:1486,32
DA:1487,83
DA:1488,267
DA:1489,21
DA:1490,341
DA:1492,49
DA:1494,77
DA:1495,50
DA:1496,156
DA:1497,126
DA:1498,39
DA:1499,0
DA:1500,0
DA:1501,0
DA:1502,0
DA:1503,25
DA:1505,206
DA:1508,34
DA:1509,122
DA:1510,249
DA:1511,253
DA:1512,259
DA:1513,253
DA:1514,87
DA:1515,43
DA:1516,87
DA:1517,246
DA:1519,194
DA:1520,97
DA:1521,92
DA:1522,76
DA:1523,65
DA:1524,42
DA:1525,10
DA:1526,22
DA:1527,0
DA:1528,0
DA:1529,0
DA:1530,0
DA:1531,0
DA:1532,0
DA:1533,0
DA:1534,0
DA:1535,0
DA:1536,0
DA:1537,0
DA:1538,0
DA:1539,0
DA:1540,0
DA:1541,0
DA:1542,0
DA:1543,0
DA:1544,0
DA:1545,0
DA:1546,0
DA:1547,0
DA:1548,0
DA:1549,0
DA:1550,0
DA:1551,0
DA:1552,0
DA:1553,0
DA:1554,0
DA:1558,0
DA:1560,0
DA:1562,0
DA:1565,0
DA:1566,0
DA:1567,0
DA:1568,0
DA:1569,0
DA:1570,0
DA:1572,0
DA:1573,0
DA:1574,0
DA:1576,0
DA:1578,0
DA:1579,0
DA:1580,0
DA:1581,0
DA:1582,0
DA:1583,0
DA:1584,0
DA:1585,0
DA:1586,0
DA:1587,0
DA:1588,0
DA:1589,0
DA:1591,0
DA:1592,0
DA:1593,0
DA:1594,0
DA:1595,0
DA:1596,0
DA:1597,0
DA:1598,0
DA:1601,0
DA:1602,0
DA:1603,0
DA:1604,0
DA:1606,0
DA:1607,0
DA:1608,0
DA:1609,0
DA:1610,0
DA:1611,0
DA:1612,0
DA:1613,0
DA:1615,0
DA:1616,0
DA:1617,0
DA:1618,0
DA:1620,0
DA:1621,0
DA:1622,0
DA:1623,0
DA:1624,0
DA:1626,0
DA:1627,0
DA:1628,0
DA:1629,2
DA:1631,91
DA:1633,22
DA:1635,72
DA:1636,22
DA:1637,57
DA:1638,115
DA:1639,45
DA:1641,19
DA:1642,0
DA:1643,0
DA:1644,0
DA:1645,0
DA:1646,0
DA:1647,0
DA:1648,0
DA:1649,0
DA:1652,0
DA:1653,0
DA:1654,0
DA:1655,0
DA:1656,0
DA:1657,0
DA:1658,2
DA:1659,23
DA:1660,0
DA:1661,0
DA:1662,0
DA:1663,0
DA:1664,0
DA:1665,0
DA:1666,0
DA:1667,0
DA:1668,0
DA:1669,0
DA:1670,0
DA:1671,0
DA:1672,0
DA:1673,0
DA:1674,0
DA:1675,0
DA:1676,0
DA:1677,0
DA:1678,0
DA:1679,0
DA:1680,0
DA:1681,0
DA:1682,0
DA:1684,0
DA:1685,0
DA:1686,0
DA:1687,0
DA:1688,0
DA:1689,2
DA:1691,152
DA:1692,115
DA:1693,205
DA:1694,65
DA:1695,132
DA:1696,32
DA:1697,131
DA:1699,146
DA:1701,28
DA:1702,120
DA:1703,236
DA:1704,253
DA:1705,21
DA:1706,319
DA:1707,26
DA:1708,27
DA:1709,0
DA:1710,0
DA:1711,0
DA:1712,0
DA:1713,0
DA:1714,0
DA:1715,0
DA:1716,0
DA:1717,0
DA:1718,0
DA:1719,0
DA:1721,0
DA:1722,0
DA:1723,0
DA:1724,0
DA:1725,0
DA:1726,0
DA:1727,0
DA:1728,0
DA:1729,2
DA:1730,26
DA:1731,44
DA:1732,0
DA:1733,0
DA:1734,0
DA:1735,0
DA:1737,0
DA:1738,2
DA:1739,45
DA:1740,65
DA:1741,42
DA:1742,20
DA:1744,22
DA:1746,207
DA:1747,112
DA:1748,206
DA:1749,165
DA:1750,19
DA:1751,2
DA:1752,54
DA:1753,40
DA:1754,42
DA:1755,132
DA:1756,19
DA:1757,0
DA:1758,0
DA:1759,0
DA:1762,0
DA:1763,2
DA:1765,30
DA:1767,34
DA:1768,34
DA:1770,27
DA:1772,56
DA:1773,139
DA:1774,139
DA:1775,196
DA:1776,23
DA:1777,130
DA:1779,183
DA:1780,128
DA:1781,247
DA:1782,334
DA:1785,56
DA:1786,58
DA:1787,83
DA:1788,39
DA:1789,66
DA:1790,51
DA:1791,0
DA:1792,0
DA:1793,0
DA:1794,0
DA:1795,0
DA:1796,0
DA:1797,25
DA:1800,253
DA:1801,87
DA:1802,43
DA:1803,43
DA:1804,65
DA:1805,86
DA:1806,251
DA:1808,203
DA:1809,108
DA:1810,92
DA:1811,76
DA:1812,50
DA:1815,183
DA:1816,128
DA:1817,241
DA:1818,179
DA:1819,19
DA:1820,2
DA:1821,112
DA:1822,56
DA:1823,58
DA:1824,83
DA:1825,39
DA:1833,66
DA:1834,51
DA:1835,0
DA:1836,0
DA:1837,0
DA:1838,25
DA:1841,253
DA:1842,87
DA:1843,43
DA:1844,43
DA:1845,57
DA:1846,101
DA:1847,65
DA:1848,245
DA:1850,205
DA:1851,103
DA:1852,92
DA:1853,76
DA:1854,65
DA:1855,53
DA:1856,23
DA:1857,17
DA:1859,29
DA:1860,117
LF:1541
LH:937
end_of_record
TN:
SF:app\components\ArticleSystemSurfaceSummary.tsx
FNF:19
FNH:7
DA:1,87
DA:2,27
DA:18,11
DA:19,72
DA:22,11
DA:23,38
DA:26,0
DA:27,0
DA:31,14
DA:32,41
DA:33,46
DA:34,35
DA:35,70
DA:36,25
DA:39,14
DA:40,38
DA:43,10
DA:44,22
DA:45,0
DA:46,0
DA:47,0
DA:48,0
DA:49,0
DA:50,0
DA:51,0
DA:53,0
DA:54,0
DA:57,0
DA:58,0
DA:59,0
DA:60,0
DA:61,0
DA:62,0
DA:63,0
DA:67,0
DA:68,0
DA:69,0
DA:70,0
DA:71,0
DA:72,0
DA:73,0
DA:74,0
DA:75,0
DA:76,0
DA:77,0
DA:81,0
DA:82,0
DA:83,0
DA:84,0
DA:85,0
DA:86,0
DA:87,0
DA:88,0
DA:89,0
DA:90,0
DA:91,0
DA:95,16
DA:96,32
DA:97,46
DA:98,101
DA:99,14
DA:100,33
DA:101,36
DA:102,37
DA:103,36
DA:104,27
DA:105,22
DA:106,34
DA:107,0
DA:108,0
DA:109,0
DA:110,0
DA:111,0
DA:112,0
DA:113,0
DA:114,0
DA:115,0
DA:116,0
DA:117,0
DA:118,0
DA:119,1
DA:122,14
DA:123,22
DA:124,43
DA:125,69
DA:126,57
DA:127,55
DA:128,84
DA:129,38
DA:130,23
DA:131,0
DA:132,0
DA:133,0
DA:134,0
DA:136,2
DA:139,0
DA:140,0
DA:141,0
DA:142,0
DA:143,0
DA:144,0
DA:145,0
DA:146,0
DA:147,0
DA:148,0
DA:149,0
DA:150,0
DA:151,0
DA:152,0
DA:153,0
DA:154,0
DA:155,0
DA:156,0
DA:157,0
DA:161,0
DA:162,0
DA:163,0
DA:164,1
DA:167,0
DA:168,1
DA:171,0
DA:172,0
DA:173,0
DA:174,0
DA:175,0
DA:176,1
DA:179,0
DA:180,0
DA:184,0
DA:185,0
DA:186,0
DA:187,0
DA:188,0
DA:189,0
DA:190,0
DA:191,0
DA:192,0
DA:193,0
DA:194,0
DA:195,0
DA:196,0
DA:197,0
DA:198,0
DA:199,0
DA:200,0
DA:201,0
DA:202,0
DA:203,0
DA:204,0
DA:205,0
DA:206,0
DA:207,0
DA:208,0
DA:209,0
DA:210,0
DA:211,0
DA:212,0
DA:213,0
DA:214,0
DA:215,0
DA:216,0
DA:217,0
DA:218,0
DA:219,0
DA:220,0
DA:221,0
DA:222,0
DA:223,0
DA:224,0
DA:225,0
DA:226,0
DA:227,0
DA:228,0
DA:229,0
DA:230,0
DA:231,0
DA:232,0
DA:233,0
DA:234,0
DA:235,0
DA:236,0
DA:237,0
DA:238,0
DA:239,0
DA:240,0
DA:241,0
DA:242,0
DA:243,0
DA:244,0
DA:245,0
DA:246,0
DA:247,0
DA:248,0
DA:249,0
DA:250,0
DA:251,0
DA:252,0
DA:253,0
DA:254,0
DA:255,0
DA:256,0
DA:257,0
DA:258,0
DA:259,0
DA:260,0
DA:261,0
DA:262,0
DA:263,0
DA:264,0
DA:265,0
DA:266,0
DA:267,0
DA:268,0
DA:269,0
DA:270,0
DA:271,0
DA:272,0
DA:273,0
DA:274,0
DA:275,0
DA:276,0
DA:277,0
DA:278,0
DA:279,67
LF:224
LH:43
end_of_record
TN:
SF:app\components\ArticlesSetupProgressCard.tsx
FNF:18
FNH:11
DA:2,36
DA:3,116
DA:4,28
DA:15,65
DA:16,120
DA:17,54
DA:18,100
DA:19,175
DA:21,11
DA:22,77
DA:25,9
DA:26,42
DA:27,59
DA:28,49
DA:29,80
DA:30,13
DA:33,9
DA:34,34
DA:35,113
DA:38,9
DA:39,34
DA:40,141
DA:43,11
DA:44,25
DA:45,45
DA:46,31
DA:47,19
DA:48,9
DA:49,63
DA:52,13
DA:53,20
DA:54,52
DA:55,55
DA:56,46
DA:57,67
DA:58,66
DA:59,57
DA:60,53
DA:61,55
DA:62,47
DA:63,38
DA:64,4
DA:65,43
DA:68,9
DA:69,30
DA:70,0
DA:71,0
DA:72,0
DA:73,0
DA:74,0
DA:75,0
DA:76,0
DA:77,1
DA:80,16
DA:81,93
DA:82,35
DA:83,2
DA:84,15
DA:85,15
DA:86,15
DA:87,29
DA:88,76
DA:89,31
DA:92,9
DA:93,68
DA:94,34
DA:95,82
DA:96,99
DA:97,93
DA:98,54
DA:99,82
DA:100,77
DA:104,61
DA:105,36
DA:106,44
DA:107,37
DA:108,32
DA:109,30
DA:110,33
DA:111,27
DA:112,6
DA:113,23
DA:114,22
DA:115,108
DA:116,36
DA:117,34
DA:118,37
DA:119,35
DA:120,2
DA:121,13
DA:122,14
DA:123,52
DA:124,35
DA:125,189
DA:126,8
DA:127,94
DA:128,142
DA:129,17
DA:130,1
DA:131,2
DA:133,16
DA:134,14
DA:135,65
DA:136,32
DA:137,86
DA:138,6
DA:139,19
DA:140,1
DA:141,0
DA:142,0
DA:143,0
DA:144,0
DA:145,0
DA:146,0
DA:147,0
DA:148,0
DA:149,0
DA:150,0
DA:151,0
DA:152,0
DA:153,0
DA:154,0
DA:155,0
DA:156,0
DA:157,0
DA:158,0
DA:159,0
DA:160,0
DA:161,0
DA:162,0
DA:163,0
DA:164,0
DA:165,0
DA:166,0
DA:167,0
DA:168,0
DA:169,0
DA:170,0
DA:171,0
DA:172,0
DA:173,0
DA:174,0
DA:175,0
DA:176,0
DA:177,0
DA:178,0
DA:179,0
DA:180,0
DA:181,0
DA:182,0
DA:183,0
DA:184,0
DA:185,0
DA:186,0
DA:187,0
DA:188,0
DA:189,0
DA:192,16
DA:193,69
DA:194,46
DA:195,69
DA:196,52
DA:197,72
DA:199,4
DA:200,30
DA:201,36
DA:202,34
DA:203,44
DA:205,12
DA:206,41
DA:207,162
DA:208,0
DA:211,17
DA:212,6
DA:213,13
DA:214,15
DA:215,12
DA:216,3
DA:217,37
DA:218,32
DA:219,69
DA:220,46
DA:221,46
DA:222,40
DA:223,43
DA:224,43
DA:225,39
DA:226,81
DA:228,7
DA:229,63
DA:230,16
DA:231,35
DA:232,8
DA:233,2
DA:234,9
DA:235,2
DA:236,9
DA:237,2
DA:238,7
DA:239,34
DA:240,36
DA:241,9
DA:242,6
DA:244,154
DA:245,115
DA:246,76
DA:247,16
DA:248,80
DA:249,49
DA:250,17
DA:252,181
DA:253,23
DA:254,112
DA:255,146
DA:256,222
DA:257,218
DA:258,75
DA:259,51
DA:260,50
DA:261,242
DA:262,53
DA:263,34
DA:264,177
DA:265,26
DA:267,93
DA:268,139
DA:269,207
DA:270,19
DA:271,204
DA:272,141
DA:273,157
DA:274,62
DA:275,51
DA:276,41
DA:277,26
DA:279,23
DA:280,0
DA:281,0
DA:282,0
DA:283,2
DA:284,10
DA:286,14
DA:287,0
DA:289,2
DA:290,13
DA:291,86
LF:246
LH:185
end_of_record
TN:
SF:app\components\CancelSetupBuildButton.tsx
FNF:16
FNH:16
DA:1,71
DA:2,28
DA:3,36
DA:7,62
DA:9,45
DA:10,11
DA:11,12
DA:12,13
DA:13,15
DA:14,12
DA:15,16
DA:16,21
DA:17,22
DA:18,28
DA:19,12
DA:20,25
DA:21,11
DA:22,19
DA:23,19
DA:24,26
DA:25,22
DA:26,20
DA:27,3
DA:29,49
DA:30,14
DA:31,13
DA:32,11
DA:33,14
DA:34,15
DA:35,19
DA:36,2
DA:38,11
DA:39,47
DA:42,11
DA:43,77
DA:46,11
DA:47,38
DA:50,18
DA:51,41
DA:52,50
DA:53,68
DA:55,28
DA:56,46
DA:57,20
DA:58,52
DA:59,20
DA:60,53
DA:61,18
DA:62,2
DA:63,9
DA:66,9
DA:67,41
DA:68,58
DA:69,49
DA:71,78
DA:72,36
DA:74,84
DA:77,9
DA:78,47
DA:79,12
DA:80,17
DA:81,23
DA:82,22
DA:83,29
DA:84,25
DA:85,2
DA:86,16
DA:87,15
DA:90,9
DA:91,88
DA:94,11
DA:95,35
DA:96,37
DA:99,14
DA:100,33
DA:101,5
DA:102,16
DA:103,14
DA:104,19
DA:105,17
DA:106,10
DA:107,7
DA:108,4
DA:109,16
DA:111,47
DA:112,90
DA:113,20
DA:115,58
DA:118,14
DA:119,34
DA:121,38
DA:122,5
DA:123,10
DA:124,9
DA:125,20
DA:126,18
DA:127,16
DA:128,14
DA:129,26
DA:130,23
DA:131,16
DA:132,12
DA:133,4
DA:134,21
DA:136,47
DA:137,79
DA:139,12
DA:140,17
DA:141,16
DA:142,27
DA:143,25
DA:144,23
DA:145,21
DA:146,33
DA:147,30
DA:148,20
DA:149,19
DA:150,26
DA:151,24
DA:152,26
DA:153,25
DA:154,32
DA:155,27
DA:156,23
DA:159,14
DA:160,40
DA:161,40
DA:163,58
DA:164,82
DA:165,78
DA:167,49
DA:168,47
DA:169,80
DA:170,73
DA:173,17
DA:174,6
DA:175,18
DA:176,19
DA:177,12
DA:183,3
DA:184,51
DA:185,50
DA:187,7
DA:188,82
DA:189,151
DA:190,67
DA:191,23
DA:192,23
DA:193,41
DA:194,38
DA:195,16
DA:196,208
DA:197,9
DA:198,10
DA:200,128
DA:201,48
DA:202,32
DA:203,81
LF:158
LH:158
end_of_record
TN:
SF:app\components\DailyReminderChannels.tsx
FNF:12
FNH:0
DA:1,33
DA:2,48
DA:3,62
DA:4,43
DA:5,28
DA:12,33
DA:13,20
DA:14,23
DA:15,23
DA:16,17
DA:17,2
DA:19,25
DA:20,17
DA:21,17
DA:22,21
DA:23,2
DA:25,25
DA:26,188
DA:28,43
DA:29,38
DA:30,38
DA:31,26
DA:32,1
DA:36,0
DA:37,0
DA:38,0
DA:39,0
DA:40,0
DA:41,0
DA:42,0
DA:43,0
DA:44,0
DA:49,0
DA:50,0
DA:51,0
DA:52,0
DA:53,0
DA:54,0
DA:55,0
DA:56,0
DA:57,0
DA:58,0
DA:59,0
DA:60,0
DA:61,0
DA:62,0
DA:63,0
DA:64,0
DA:69,0
DA:70,0
DA:71,0
DA:72,0
DA:73,0
DA:74,0
DA:75,0
DA:76,0
DA:77,0
DA:78,0
DA:79,0
DA:80,0
DA:81,0
DA:86,0
DA:87,0
DA:88,0
DA:89,0
DA:90,0
DA:91,0
DA:92,0
DA:96,0
DA:97,0
DA:98,0
DA:99,0
DA:100,0
DA:101,0
DA:102,0
DA:103,0
DA:104,0
DA:105,0
DA:106,0
DA:107,0
DA:108,0
DA:112,0
DA:113,0
DA:114,0
DA:115,0
DA:116,0
DA:117,0
DA:121,0
DA:122,0
DA:123,0
DA:124,0
DA:125,0
DA:126,0
DA:127,0
DA:128,0
DA:129,0
DA:130,0
DA:131,0
DA:132,0
DA:133,0
DA:134,0
DA:135,0
DA:136,0
DA:137,0
DA:138,0
DA:146,0
DA:147,0
DA:148,0
DA:149,0
DA:150,0
DA:151,0
DA:152,0
DA:153,0
DA:154,0
DA:155,0
DA:156,0
DA:157,0
DA:158,0
DA:159,0
DA:160,0
DA:161,0
DA:162,0
DA:163,0
DA:164,0
DA:165,0
DA:166,0
DA:167,0
DA:168,0
DA:169,0
DA:170,0
DA:171,0
DA:172,0
DA:173,0
DA:174,0
DA:175,0
DA:176,0
DA:177,0
DA:178,0
DA:179,0
DA:180,0
DA:181,0
DA:182,0
DA:183,0
DA:184,0
DA:185,0
DA:186,0
DA:187,0
DA:188,0
DA:189,0
DA:190,0
DA:191,0
DA:192,0
DA:200,0
DA:201,0
DA:202,0
DA:203,0
DA:204,0
DA:205,0
DA:206,0
DA:207,0
DA:208,0
DA:209,0
DA:210,0
DA:211,0
DA:212,0
DA:213,0
DA:214,0
DA:215,0
DA:216,0
DA:217,0
DA:218,0
DA:219,0
DA:220,0
DA:221,0
DA:222,0
DA:223,0
DA:224,0
DA:225,0
DA:226,0
DA:227,0
DA:228,0
DA:229,0
DA:230,0
DA:231,0
DA:232,0
DA:233,0
DA:234,0
DA:235,0
DA:236,0
DA:237,0
DA:238,0
DA:239,0
DA:240,0
DA:241,0
DA:242,0
DA:243,0
DA:244,0
DA:245,0
DA:246,0
DA:247,0
DA:248,0
DA:253,0
DA:254,0
DA:255,0
DA:256,0
DA:257,0
DA:258,0
DA:259,0
DA:260,0
DA:261,0
DA:262,0
DA:263,0
DA:264,0
DA:265,0
DA:266,0
DA:267,0
DA:268,0
DA:269,0
DA:270,0
DA:271,0
DA:276,0
DA:277,0
DA:278,0
DA:279,0
DA:280,0
DA:281,0
DA:282,0
DA:283,0
DA:284,0
DA:285,0
DA:286,0
DA:287,0
DA:288,0
DA:289,0
DA:290,0
DA:291,0
DA:292,0
DA:293,0
DA:294,0
DA:295,0
DA:296,0
DA:297,0
DA:298,0
DA:299,0
DA:300,0
DA:301,0
DA:302,0
DA:303,0
DA:304,0
DA:305,0
DA:306,0
DA:307,0
DA:308,0
DA:309,0
DA:310,0
DA:311,0
DA:312,0
DA:313,0
DA:314,0
DA:315,0
DA:316,0
DA:317,0
DA:318,0
DA:319,0
DA:320,0
DA:321,0
DA:322,0
DA:323,0
DA:324,0
DA:325,0
DA:326,0
DA:327,0
DA:328,0
DA:329,0
DA:330,0
DA:331,0
DA:332,0
DA:333,0
DA:334,0
DA:335,0
DA:336,0
DA:337,0
DA:338,0
DA:339,0
DA:340,0
DA:341,0
DA:342,0
DA:343,0
DA:344,0
DA:345,0
DA:346,0
DA:347,0
DA:348,0
DA:349,0
DA:350,0
DA:351,0
DA:352,0
DA:353,0
DA:354,0
DA:355,0
DA:356,0
DA:357,0
DA:358,0
DA:359,0
DA:360,0
DA:361,0
DA:362,0
DA:363,0
DA:364,0
DA:365,0
DA:366,0
DA:367,0
DA:368,0
DA:369,0
DA:370,0
DA:371,0
DA:372,0
DA:373,0
DA:374,0
DA:375,0
DA:376,0
DA:377,0
DA:378,0
DA:379,0
DA:380,0
DA:381,0
DA:382,0
DA:383,0
DA:384,0
DA:385,0
DA:386,0
DA:387,0
DA:388,0
DA:389,0
DA:390,0
DA:391,0
DA:392,0
DA:393,0
DA:394,0
DA:395,0
DA:396,0
DA:397,0
DA:398,0
DA:399,0
DA:400,0
DA:401,0
DA:402,0
DA:403,0
DA:404,0
DA:405,0
DA:406,0
DA:407,0
DA:408,0
DA:409,0
DA:410,0
DA:411,0
DA:412,0
DA:413,0
DA:414,0
DA:415,0
DA:416,0
DA:417,0
DA:418,0
DA:419,0
DA:420,0
DA:421,0
DA:422,0
DA:423,0
DA:424,0
DA:425,0
DA:426,0
DA:427,0
DA:428,0
DA:429,0
DA:430,0
DA:431,0
DA:432,0
DA:433,0
DA:434,0
DA:435,0
DA:436,0
DA:437,0
DA:438,0
DA:439,0
DA:440,0
DA:441,0
DA:442,0
DA:443,0
DA:444,0
DA:445,0
DA:446,0
DA:447,0
DA:448,0
DA:449,0
DA:450,0
DA:451,0
DA:452,0
DA:453,0
DA:454,0
DA:455,0
DA:456,0
DA:457,0
DA:458,0
DA:459,0
DA:460,0
DA:461,0
DA:462,0
DA:463,0
DA:464,0
DA:465,0
DA:466,0
DA:467,0
DA:468,0
DA:469,0
DA:470,0
DA:471,0
DA:472,0
DA:473,0
DA:474,0
DA:475,0
DA:476,0
DA:477,0
DA:478,0
DA:479,0
DA:480,0
DA:481,0
DA:482,0
DA:483,0
DA:484,0
DA:485,0
DA:486,0
DA:487,0
DA:488,0
DA:489,0
DA:490,0
DA:491,0
DA:492,0
DA:493,0
DA:494,0
DA:495,0
DA:496,0
DA:497,0
DA:498,0
DA:499,0
DA:500,0
DA:501,0
DA:502,0
DA:503,0
DA:504,0
DA:505,0
DA:506,0
DA:507,0
DA:508,0
DA:509,0
DA:510,0
DA:511,0
DA:512,0
DA:513,0
DA:514,0
DA:515,0
DA:516,0
DA:517,0
DA:518,0
DA:519,0
DA:520,0
DA:521,0
DA:522,0
DA:523,0
DA:524,0
DA:525,0
DA:526,0
DA:527,0
DA:528,0
DA:529,0
DA:530,0
DA:531,0
DA:532,0
DA:533,0
DA:534,0
DA:535,0
DA:540,0
DA:541,0
DA:542,0
DA:543,0
DA:544,0
DA:545,0
DA:546,0
DA:547,0
DA:548,0
DA:549,0
DA:550,0
DA:551,0
DA:552,0
DA:553,0
DA:554,0
DA:555,0
DA:556,0
DA:557,0
DA:558,0
DA:559,0
DA:560,0
DA:561,0
DA:562,0
DA:563,0
DA:564,0
DA:565,0
DA:566,0
DA:567,0
DA:568,0
DA:569,0
DA:570,0
DA:571,0
DA:572,0
DA:573,0
DA:574,0
DA:575,0
DA:576,0
DA:577,0
DA:578,0
DA:579,0
DA:580,0
DA:581,0
DA:582,0
DA:583,67
LF:524
LH:24
end_of_record
TN:
SF:app\components\GitHubConnectForm.tsx
FNF:1
FNH:1
DA:2,36
DA:4,78
DA:24,17
DA:25,11
DA:26,12
DA:27,25
DA:28,18
DA:29,11
DA:30,11
DA:31,9
DA:32,3
DA:33,7
DA:34,63
DA:35,19
DA:36,34
DA:37,25
DA:38,11
DA:39,51
DA:40,13
DA:41,14
DA:43,147
DA:44,166
DA:45,43
DA:46,18
DA:47,81
LF:25
LH:25
end_of_record
TN:
SF:app\components\GitHubMark.tsx
FNF:1
FNH:0
DA:1,0
DA:2,0
DA:3,0
DA:4,0
DA:5,66
LF:5
LH:1
end_of_record
TN:
SF:app\components\ImageWithFallback.tsx
FNF:3
FNH:1
DA:1,44
DA:11,9
DA:12,6
DA:13,42
DA:14,6
DA:15,7
DA:16,11
DA:17,19
DA:18,8
DA:19,3
DA:20,50
DA:22,0
DA:23,2
DA:24,9
DA:26,7
DA:27,64
DA:28,10
DA:29,24
DA:30,8
DA:31,0
DA:32,5
DA:34,1
LF:22
LH:20
end_of_record
TN:
SF:app\components\MarketingRunProgressCard.tsx
FNF:13
FNH:12
DA:1,99
DA:2,28
DA:4,70
DA:24,12
DA:25,32
DA:28,14
DA:29,45
DA:30,95
DA:31,0
DA:34,10
DA:35,75
DA:38,16
DA:39,43
DA:40,48
DA:41,0
DA:42,0
DA:43,0
DA:44,0
DA:45,0
DA:46,0
DA:47,0
DA:50,11
DA:51,33
DA:52,52
DA:55,14
DA:56,70
DA:59,14
DA:60,92
DA:63,14
DA:64,47
DA:65,0
DA:66,0
DA:67,0
DA:68,0
DA:69,0
DA:70,0
DA:73,14
DA:74,122
DA:75,48
DA:76,39
DA:77,29
DA:80,21
DA:81,41
DA:82,49
DA:83,36
DA:84,40
DA:85,34
DA:86,34
DA:87,58
DA:90,17
DA:91,6
DA:92,8
DA:93,45
DA:94,7
DA:95,8
DA:96,3
DA:97,121
DA:98,81
DA:99,50
DA:100,108
DA:101,131
DA:102,23
DA:103,13
DA:104,14
DA:105,17
DA:106,18
DA:107,14
DA:108,14
DA:109,16
DA:110,28
DA:111,29
DA:112,24
DA:113,21
DA:114,70
DA:115,91
DA:116,44
DA:117,2
DA:118,20
DA:119,2
DA:120,14
DA:121,36
DA:122,17
DA:123,38
DA:124,27
DA:125,73
DA:126,50
DA:127,104
DA:128,37
DA:129,160
DA:130,88
DA:131,55
DA:132,137
DA:133,117
DA:134,119
DA:135,88
DA:136,96
DA:137,79
DA:138,71
DA:139,54
DA:140,39
DA:141,66
DA:143,7
DA:144,64
DA:145,16
DA:146,60
DA:147,18
DA:148,6
DA:150,107
DA:151,182
DA:152,293
DA:153,17
DA:154,107
DA:155,134
DA:156,226
DA:157,202
DA:158,30
DA:159,39
DA:160,38
DA:161,140
DA:162,59
DA:163,19
DA:164,205
DA:165,71
DA:166,36
DA:167,68
DA:168,112
DA:169,7
DA:170,69
DA:171,7
DA:172,79
DA:173,108
DA:175,79
DA:176,16
DA:177,38
DA:178,44
DA:179,98
DA:180,24
DA:181,51
DA:182,22
DA:183,8
DA:185,16
DA:186,58
DA:187,71
DA:188,7
DA:189,42
DA:190,0
DA:191,16
DA:192,31
DA:193,31
DA:194,0
DA:195,0
DA:196,0
DA:197,0
DA:199,16
DA:200,21
DA:201,140
DA:202,29
DA:203,19
DA:204,20
DA:205,181
DA:206,214
DA:207,207
DA:208,303
DA:209,273
DA:210,75
DA:211,31
DA:212,25
DA:213,35
DA:214,22
DA:215,75
LF:170
LH:151
end_of_record
TN:
SF:app\components\MarketingWorkflowShell.tsx
FNF:9
FNH:0
DA:1,40
DA:2,42
DA:3,279
DA:18,28
DA:49,85
DA:80,34
DA:81,5
DA:82,27
DA:83,40
DA:84,95
DA:85,37
DA:86,33
DA:87,22
DA:88,4
DA:89,5
DA:90,30
DA:91,46
DA:92,93
DA:93,40
DA:94,39
DA:95,23
DA:96,4
DA:97,5
DA:98,25
DA:99,37
DA:100,70
DA:101,42
DA:102,37
DA:103,27
DA:104,4
DA:105,5
DA:106,27
DA:107,39
DA:108,88
DA:109,46
DA:110,31
DA:111,24
DA:112,4
DA:113,5
DA:114,29
DA:115,32
DA:116,85
DA:117,50
DA:118,35
DA:119,24
DA:120,2
DA:121,2
DA:123,48
DA:124,5
DA:125,27
DA:126,40
DA:127,95
DA:128,37
DA:129,33
DA:130,22
DA:131,4
DA:132,5
DA:133,30
DA:134,46
DA:135,80
DA:136,40
DA:137,39
DA:138,23
DA:139,4
DA:140,5
DA:141,27
DA:142,30
DA:143,79
DA:144,26
DA:145,33
DA:146,24
DA:147,4
DA:148,5
DA:149,25
DA:150,34
DA:151,79
DA:152,34
DA:153,31
DA:154,27
DA:155,4
DA:156,5
DA:157,29
DA:158,21
DA:159,73
DA:160,36
DA:161,32
DA:162,24
DA:163,2
DA:164,1
DA:166,0
DA:167,0
DA:168,0
DA:169,0
DA:170,0
DA:171,0
DA:175,0
DA:176,0
DA:177,0
DA:178,0
DA:179,0
DA:183,0
DA:184,0
DA:185,0
DA:186,0
DA:187,0
DA:191,0
DA:192,0
DA:193,0
DA:194,0
DA:195,0
DA:199,0
DA:200,0
DA:201,0
DA:202,0
DA:203,0
DA:207,0
DA:208,0
DA:209,0
DA:210,0
DA:211,0
DA:212,0
DA:213,0
DA:214,0
DA:215,0
DA:216,0
DA:217,0
DA:218,0
DA:219,0
DA:220,0
DA:221,0
DA:222,0
DA:223,0
DA:224,0
DA:225,0
DA:226,0
DA:227,0
DA:228,0
DA:229,0
DA:230,0
DA:231,0
DA:232,0
DA:233,0
DA:234,0
DA:235,0
DA:236,0
DA:237,0
DA:238,0
DA:239,0
DA:243,0
DA:247,0
DA:248,0
DA:249,0
DA:250,0
DA:251,0
DA:252,0
DA:253,0
DA:254,0
DA:255,0
DA:256,0
DA:257,0
DA:258,0
DA:259,0
DA:260,0
DA:261,0
DA:262,0
DA:263,0
DA:264,0
DA:265,0
DA:266,0
DA:267,0
DA:268,0
DA:269,0
DA:270,0
DA:274,0
DA:275,0
DA:276,0
DA:277,0
DA:278,0
DA:279,0
DA:280,0
DA:281,0
DA:282,0
DA:283,0
DA:284,0
DA:285,0
DA:286,0
DA:287,0
DA:288,0
DA:289,0
DA:290,0
DA:291,0
DA:292,0
DA:293,0
DA:294,0
DA:295,0
DA:296,0
DA:297,0
DA:298,0
DA:299,0
DA:300,0
DA:301,0
DA:302,0
DA:303,0
DA:304,0
DA:305,0
DA:306,0
DA:307,0
DA:308,0
DA:309,0
DA:310,0
DA:311,0
DA:312,0
DA:313,0
DA:314,0
DA:315,0
DA:316,0
DA:317,0
DA:318,0
DA:319,0
DA:320,0
DA:321,0
DA:322,0
DA:323,0
DA:324,0
DA:325,0
DA:326,0
DA:327,0
DA:328,0
DA:329,0
DA:330,0
DA:331,0
DA:332,0
DA:333,0
DA:334,0
DA:335,0
DA:336,0
DA:337,0
DA:338,0
DA:339,0
DA:340,0
DA:341,0
DA:342,0
DA:343,0
DA:344,0
DA:345,0
DA:346,0
DA:347,0
DA:348,0
DA:349,0
DA:350,0
DA:351,0
DA:352,0
DA:353,0
DA:354,0
DA:355,0
DA:356,0
DA:357,0
DA:358,0
DA:359,0
DA:360,0
DA:361,0
DA:362,0
DA:363,0
DA:364,0
DA:365,0
DA:366,0
DA:367,0
DA:368,0
DA:369,0
DA:370,0
DA:371,0
DA:372,0
DA:373,0
DA:374,0
DA:375,0
DA:376,0
DA:377,0
DA:378,0
DA:379,0
DA:380,0
DA:381,0
DA:382,0
DA:383,0
DA:384,0
DA:385,0
DA:386,0
DA:387,0
DA:388,0
DA:389,0
DA:390,0
DA:391,0
DA:392,0
DA:393,0
DA:394,0
DA:395,0
DA:396,0
DA:397,0
DA:398,0
DA:399,0
DA:400,0
DA:401,0
DA:402,0
DA:403,0
DA:404,0
DA:405,0
DA:406,0
DA:407,0
DA:408,0
DA:409,0
DA:410,0
DA:411,0
DA:412,0
DA:413,0
DA:414,0
DA:415,0
DA:416,0
DA:417,0
DA:418,0
DA:419,0
DA:420,0
DA:421,0
DA:422,0
DA:423,0
DA:424,0
DA:425,0
DA:426,0
DA:427,0
DA:428,0
DA:429,0
DA:430,0
DA:431,0
DA:432,0
DA:433,0
DA:434,0
DA:435,0
DA:436,0
DA:437,0
DA:438,0
DA:439,0
DA:440,0
DA:441,0
DA:442,0
DA:443,0
DA:444,0
DA:445,0
DA:446,0
DA:447,0
DA:448,0
DA:449,0
DA:450,0
DA:451,0
DA:452,0
DA:453,0
DA:454,0
DA:455,0
DA:456,0
DA:457,0
DA:458,0
DA:459,0
DA:460,0
DA:461,0
DA:462,0
DA:463,0
DA:464,0
DA:465,0
DA:466,0
DA:467,0
DA:468,0
DA:469,0
DA:470,0
DA:471,0
DA:472,0
DA:473,0
DA:474,0
DA:475,0
DA:476,0
DA:477,0
DA:478,0
DA:479,0
DA:480,0
DA:481,0
DA:482,0
DA:483,0
DA:484,0
DA:485,0
DA:486,0
DA:487,0
DA:488,0
DA:489,0
DA:490,0
DA:491,0
DA:492,0
DA:493,0
DA:494,0
DA:495,0
DA:496,0
DA:497,0
DA:498,0
DA:499,0
DA:500,0
DA:501,0
DA:502,0
DA:503,0
DA:504,0
DA:505,0
DA:506,0
DA:507,0
DA:508,0
DA:509,0
DA:510,0
DA:511,0
DA:512,0
DA:513,0
DA:514,0
DA:515,0
DA:516,0
DA:517,0
DA:518,0
DA:519,0
DA:520,0
DA:521,0
DA:522,0
DA:523,0
DA:524,0
DA:525,0
DA:526,0
DA:527,0
DA:528,0
DA:529,0
DA:530,0
DA:531,0
DA:532,0
DA:533,0
DA:534,0
DA:535,0
DA:536,0
DA:537,0
DA:538,0
DA:539,0
DA:540,0
DA:541,0
DA:542,0
DA:543,0
DA:544,0
DA:545,0
DA:546,0
DA:547,0
DA:548,0
DA:549,0
DA:550,0
DA:551,0
DA:552,0
DA:553,0
DA:554,0
DA:555,0
DA:556,0
DA:557,0
DA:558,0
DA:559,0
DA:560,0
DA:561,0
DA:562,0
DA:563,0
DA:564,0
DA:565,0
DA:566,0
DA:567,0
DA:568,0
DA:569,0
DA:570,0
DA:571,0
DA:572,0
DA:573,0
DA:574,0
DA:575,0
DA:576,0
DA:577,0
DA:578,0
DA:579,0
DA:580,0
DA:581,0
DA:582,0
DA:583,0
DA:584,0
DA:585,0
DA:586,0
DA:587,0
DA:588,0
DA:589,0
DA:590,0
DA:591,0
DA:592,0
DA:593,0
DA:594,0
DA:595,0
DA:596,0
DA:597,0
DA:598,0
DA:599,0
DA:600,0
DA:601,0
DA:602,0
DA:603,0
DA:604,0
DA:605,0
DA:606,0
DA:607,0
DA:608,0
DA:609,0
DA:610,0
DA:611,0
DA:612,0
DA:613,0
DA:614,0
DA:615,67
LF:515
LH:90
end_of_record
TN:
SF:app\components\RooAccountConnectionField.tsx
FNF:1
FNH:1
DA:1,76
DA:4,17
DA:5,13
DA:6,21
DA:7,20
DA:12,3
DA:13,54
DA:15,7
DA:16,64
DA:17,47
DA:18,45
DA:20,107
DA:21,70
DA:22,77
DA:23,11
DA:24,35
DA:25,37
DA:26,2
DA:27,39
DA:30,11
DA:31,146
DA:32,37
DA:33,2
DA:35,147
DA:37,17
DA:39,107
DA:40,102
DA:41,40
DA:42,60
DA:45,20
DA:47,11
DA:48,141
DA:49,197
DA:50,257
DA:51,48
DA:53,44
DA:54,35
DA:55,310
DA:57,24
DA:58,200
DA:60,29
DA:61,33
DA:62,27
DA:64,141
DA:65,141
DA:66,37
DA:67,2
DA:68,65
DA:69,23
DA:70,291
DA:71,24
DA:72,200
DA:75,44
DA:76,231
DA:79,23
DA:80,77
DA:81,33
DA:82,45
DA:83,39
DA:84,191
DA:86,83
DA:87,76
DA:88,44
DA:89,22
DA:90,82
DA:91,62
DA:92,46
DA:94,35
DA:95,22
DA:96,79
LF:70
LH:70
end_of_record
TN:
SF:app\components\RooPointCost.tsx
FNF:4
FNH:3
DA:1,33
DA:2,56
DA:4,233
DA:5,225
DA:7,191
DA:9,16
DA:10,41
DA:13,0
DA:14,0
DA:15,0
DA:16,0
DA:17,0
DA:18,0
DA:19,0
DA:20,0
DA:21,0
DA:22,0
DA:23,0
DA:24,0
DA:25,0
DA:26,0
DA:27,0
DA:28,0
DA:29,0
DA:30,0
DA:31,0
DA:32,0
DA:33,0
DA:34,0
DA:35,1
DA:38,36
DA:39,7
DA:40,73
DA:41,29
DA:42,41
DA:43,12
DA:44,26
DA:45,14
DA:46,15
DA:47,75
DA:48,2
DA:52,9
DA:53,9
DA:54,12
DA:55,28
DA:60,3
DA:61,42
DA:62,59
DA:63,50
DA:64,38
DA:65,43
DA:66,2
DA:68,7
DA:69,152
DA:70,134
DA:71,113
DA:72,142
DA:73,16
LF:58
LH:36
end_of_record
TN:
SF:app\components\TopicDecisionCard.tsx
FNF:43
FNH:30
DA:1,28
DA:3,126
DA:17,11
DA:18,73
DA:19,30
DA:20,0
DA:21,0
DA:22,0
DA:23,0
DA:24,2
DA:25,6
DA:28,11
DA:29,35
DA:30,33
DA:31,27
DA:32,2
DA:33,61
DA:34,6
DA:37,11
DA:38,74
DA:41,11
DA:42,94
DA:45,0
DA:46,0
DA:47,0
DA:48,0
DA:52,15
DA:53,49
DA:54,18
DA:55,23
DA:58,83
DA:60,15
DA:61,57
DA:62,65
DA:63,0
DA:64,0
DA:65,0
DA:68,0
DA:69,0
DA:70,0
DA:71,0
DA:72,0
DA:76,0
DA:77,0
DA:78,0
DA:82,0
DA:83,0
DA:84,0
DA:85,0
DA:86,0
DA:87,0
DA:88,0
DA:89,0
DA:90,0
DA:91,0
DA:92,0
DA:93,0
DA:97,15
DA:98,51
DA:99,18
DA:101,53
DA:102,23
DA:103,39
DA:104,46
DA:105,45
DA:106,37
DA:107,24
DA:109,51
DA:110,20
DA:112,50
DA:113,68
DA:114,0
DA:115,2
DA:116,62
DA:117,0
DA:118,2
DA:119,74
DA:122,15
DA:123,51
DA:124,48
DA:125,0
DA:126,0
DA:127,0
DA:128,0
DA:129,0
DA:132,15
DA:133,51
DA:134,59
DA:135,0
DA:138,15
DA:139,39
DA:142,85
DA:144,15
DA:145,40
DA:146,8
DA:147,38
DA:148,31
DA:149,4
DA:150,13
DA:153,11
DA:154,31
DA:155,13
DA:156,18
DA:157,87
DA:158,0
DA:159,0
DA:160,0
DA:161,0
DA:162,0
DA:163,0
DA:164,0
DA:165,0
DA:166,0
DA:167,2
DA:168,34
DA:171,15
DA:172,100
DA:173,59
DA:174,43
DA:175,0
DA:176,0
DA:177,0
DA:178,0
DA:181,15
DA:182,40
DA:183,7
DA:184,38
DA:185,36
DA:186,37
DA:187,32
DA:188,31
DA:192,15
DA:193,55
DA:194,17
DA:195,37
DA:196,78
DA:197,0
DA:198,0
DA:199,0
DA:202,15
DA:203,53
DA:204,18
DA:205,50
DA:206,31
DA:207,43
DA:208,0
DA:209,0
DA:210,0
DA:213,15
DA:214,98
DA:215,18
DA:216,60
DA:217,128
DA:218,97
DA:219,105
DA:220,50
DA:221,31
DA:222,83
DA:223,0
DA:224,0
DA:225,0
DA:228,15
DA:229,48
DA:232,20
DA:233,20
DA:234,44
DA:235,24
DA:236,0
DA:237,0
DA:238,0
DA:239,2
DA:240,58
DA:241,0
DA:244,0
DA:245,0
DA:246,0
DA:247,0
DA:248,0
DA:249,0
DA:250,0
DA:251,0
DA:252,0
DA:253,0
DA:254,0
DA:255,0
DA:256,0
DA:257,0
DA:258,0
DA:259,0
DA:263,23
DA:264,27
DA:265,7
DA:266,240
DA:268,8
DA:270,2
DA:271,20
DA:272,21
DA:273,21
DA:274,16
DA:275,48
DA:276,30
DA:277,48
DA:278,87
DA:279,79
DA:280,40
DA:281,4
DA:282,113
DA:283,7
DA:284,202
DA:285,144
DA:286,288
DA:287,30
DA:288,42
DA:289,158
DA:290,11
DA:291,15
DA:295,15
DA:296,50
DA:297,32
DA:298,29
DA:299,17
DA:302,15
DA:303,50
DA:304,32
DA:305,29
DA:306,25
DA:309,15
DA:310,60
DA:311,128
DA:312,90
DA:313,40
DA:314,87
DA:315,56
DA:318,19
DA:319,36
DA:320,7
DA:321,140
DA:322,112
DA:323,167
DA:324,148
DA:325,26
DA:326,186
DA:327,211
DA:328,188
DA:329,15
DA:333,36
DA:334,20
DA:335,7
DA:336,170
DA:337,132
DA:338,96
DA:339,168
DA:340,172
DA:341,190
DA:342,29
DA:343,15
DA:347,0
DA:348,0
DA:349,0
DA:350,0
DA:351,0
DA:352,0
DA:353,0
DA:354,0
DA:355,0
DA:356,0
DA:357,0
DA:358,0
DA:359,0
DA:360,0
DA:361,0
DA:362,0
DA:363,0
DA:364,0
DA:365,0
DA:366,0
DA:367,0
DA:368,0
DA:369,0
DA:370,0
DA:371,0
DA:372,0
DA:373,0
DA:374,0
DA:375,0
DA:376,0
DA:377,0
DA:378,0
DA:379,0
DA:380,0
DA:381,0
DA:382,0
DA:383,0
DA:384,0
DA:385,0
DA:386,0
DA:387,0
DA:388,0
DA:389,0
DA:390,0
DA:391,0
DA:392,0
DA:393,0
DA:394,0
DA:395,0
DA:396,1
DA:400,0
DA:401,0
DA:402,0
DA:403,0
DA:404,0
DA:405,0
DA:406,0
DA:407,0
DA:408,0
DA:409,0
DA:410,0
DA:411,0
DA:412,0
DA:413,0
DA:414,0
DA:415,0
DA:416,0
DA:417,0
DA:418,0
DA:419,0
DA:420,1
DA:424,9
DA:425,12
DA:426,10
DA:427,19
DA:428,11
DA:429,11
DA:430,18
DA:431,28
DA:440,3
DA:441,48
DA:442,44
DA:443,47
DA:444,43
DA:445,56
DA:446,58
DA:447,23
DA:448,7
DA:449,63
DA:450,18
DA:451,28
DA:452,16
DA:453,26
DA:454,0
DA:455,0
DA:456,0
DA:457,0
DA:458,5
DA:460,16
DA:461,60
DA:462,52
DA:463,5
DA:465,67
DA:466,22
DA:467,13
DA:468,28
DA:469,16
DA:470,17
DA:471,29
DA:472,8
DA:473,216
DA:474,115
DA:475,213
DA:476,21
DA:477,24
DA:478,112
DA:479,218
DA:480,290
DA:481,202
DA:482,43
DA:483,28
DA:484,242
DA:485,47
DA:486,0
DA:487,0
DA:488,0
DA:489,0
DA:490,0
DA:492,0
DA:494,0
DA:495,0
DA:496,2
DA:497,37
DA:498,53
DA:499,34
DA:501,149
DA:502,149
DA:503,217
DA:504,145
DA:505,79
DA:506,40
DA:507,42
DA:508,173
DA:509,268
DA:510,34
DA:512,108
DA:514,137
DA:515,263
DA:516,274
DA:517,267
DA:518,34
DA:520,116
DA:521,17
DA:522,0
DA:523,0
DA:524,0
DA:525,0
DA:526,0
DA:528,0
DA:530,0
DA:531,2
DA:532,18
DA:533,75
DA:534,31
DA:535,0
DA:536,0
DA:537,17
DA:539,16
DA:540,100
DA:541,50
DA:542,17
DA:544,33
DA:545,58
DA:546,56
DA:547,41
DA:548,26
DA:549,25
DA:550,16
DA:554,0
DA:555,0
DA:556,0
DA:557,0
DA:558,0
DA:559,0
DA:560,0
DA:561,0
DA:562,0
DA:563,0
DA:564,0
DA:565,0
DA:566,0
DA:567,0
DA:568,0
DA:569,0
DA:570,0
DA:571,0
DA:572,0
DA:573,0
DA:574,0
DA:575,0
DA:576,0
DA:577,0
DA:578,0
DA:579,0
DA:580,0
DA:581,0
DA:582,0
DA:583,0
DA:584,0
LF:465
LH:263
end_of_record
TN:
SF:app\components\VibeMarketingAnalyticsSection.tsx
FNF:3
FNH:1
DA:1,49
DA:2,74
DA:4,45
DA:6,2
DA:8,17
DA:9,12
DA:12,3
DA:13,42
DA:15,7
DA:16,139
DA:17,67
DA:18,23
DA:19,30
DA:20,17
DA:21,77
DA:23,115
DA:24,197
DA:25,136
DA:26,24
DA:27,112
DA:28,223
DA:29,276
DA:31,43
DA:32,54
DA:33,35
DA:34,160
DA:35,133
DA:36,27
DA:37,29
DA:39,6
DA:40,0
DA:41,0
DA:42,0
DA:43,0
DA:44,0
DA:46,0
DA:49,0
DA:50,0
DA:51,2
DA:52,13
DA:53,86
LF:41
LH:33
end_of_record
TN:
SF:app\components\VibeMarketingAuthorsSetup.tsx
FNF:22
FNH:11
DA:1,33
DA:2,36
DA:3,61
DA:17,19
DA:18,235
DA:19,92
DA:21,17
DA:23,0
DA:24,0
DA:28,8
DA:29,66
DA:32,12
DA:33,12
DA:34,18
DA:35,28
DA:36,28
DA:37,26
DA:38,38
DA:39,23
DA:40,1
DA:44,0
DA:45,0
DA:46,0
DA:47,0
DA:48,0
DA:52,11
DA:53,46
DA:56,17
DA:57,10
DA:58,18
DA:59,15
DA:64,3
DA:65,42
DA:66,59
DA:67,4
DA:68,50
DA:69,91
DA:70,4
DA:72,0
DA:73,3
DA:75,64
DA:76,22
DA:77,82
DA:79,58
DA:80,26
DA:81,28
DA:82,28
DA:83,26
DA:84,38
DA:85,23
DA:86,5
DA:87,74
DA:89,7
DA:90,140
DA:91,111
DA:92,189
DA:93,120
DA:94,20
DA:95,71
DA:96,197
DA:97,362
DA:100,32
DA:101,41
DA:102,26
DA:104,126
DA:105,171
DA:106,191
DA:107,185
DA:109,107
DA:110,36
DA:111,57
DA:112,74
DA:113,7
DA:114,64
DA:115,10
DA:116,56
DA:117,91
DA:120,157
DA:121,83
DA:122,63
DA:123,11
DA:124,19
DA:125,9
DA:126,2
DA:127,57
DA:130,87
DA:131,42
DA:132,55
DA:133,67
DA:134,47
DA:135,47
DA:136,38
DA:137,28
DA:138,84
DA:139,22
DA:140,103
DA:142,28
DA:143,119
DA:144,60
DA:145,19
DA:146,0
DA:147,0
DA:148,0
DA:149,0
DA:151,0
DA:153,2
DA:154,45
DA:155,50
DA:157,138
DA:158,126
DA:159,210
DA:160,87
DA:161,46
DA:162,38
DA:163,58
DA:164,51
DA:165,51
DA:166,60
DA:167,126
DA:168,218
DA:169,87
DA:170,46
DA:171,38
DA:172,65
DA:173,51
DA:174,51
DA:175,79
DA:176,50
DA:178,123
DA:179,199
DA:180,86
DA:181,41
DA:182,34
DA:183,32
DA:184,95
DA:185,47
DA:186,43
DA:187,52
DA:189,143
DA:190,126
DA:191,216
DA:192,87
DA:193,51
DA:194,38
DA:195,69
DA:196,51
DA:197,51
DA:198,60
DA:199,126
DA:200,217
DA:201,87
DA:202,45
DA:203,38
DA:204,78
DA:205,51
DA:206,51
DA:207,79
DA:208,65
DA:209,27
DA:211,14
DA:212,19
DA:214,146
DA:215,121
DA:216,31
DA:217,25
DA:218,212
DA:220,141
DA:222,45
DA:223,76
DA:224,31
DA:225,73
DA:226,291
DA:228,46
DA:229,37
DA:230,41
DA:231,28
DA:232,82
LF:177
LH:164
end_of_record
TN:
SF:app\components\VibeMarketingIslandGraph.tsx
FNF:58
FNH:39
DA:2,84
DA:3,138
DA:16,28
DA:18,66
DA:19,57
DA:20,64
DA:21,95
DA:28,24
DA:29,25
DA:30,38
DA:31,40
DA:32,34
DA:33,33
DA:36,29
DA:37,19
DA:38,20
DA:39,18
DA:40,20
DA:41,18
DA:42,18
DA:43,19
DA:44,20
DA:45,18
DA:46,16
DA:47,1
DA:49,14
DA:50,75
DA:54,11
DA:55,72
DA:56,60
DA:59,22
DA:60,91
DA:64,15
DA:65,57
DA:66,23
DA:68,19
DA:69,19
DA:70,30
DA:71,57
DA:72,53
DA:73,26
DA:74,8
DA:75,4
DA:76,40
DA:77,17
DA:78,2
DA:79,36
DA:81,98
DA:82,12
DA:83,54
DA:84,67
DA:85,1
DA:111,12
DA:112,12
DA:113,44
DA:114,45
DA:115,18
DA:116,34
DA:117,1
DA:120,30
DA:121,9
DA:122,38
DA:123,38
DA:124,38
DA:125,35
DA:129,21
DA:130,79
DA:131,79
DA:132,74
DA:136,6
DA:137,7
DA:138,21
DA:139,23
DA:140,3
DA:141,26
DA:142,30
DA:143,53
DA:144,51
DA:145,39
DA:146,0
DA:147,4
DA:149,32
DA:150,45
DA:151,28
DA:152,5
DA:153,66
DA:154,6
DA:155,47
DA:156,54
DA:157,21
DA:158,22
DA:159,26
DA:160,24
DA:161,26
DA:162,9
DA:163,6
DA:164,21
DA:165,22
DA:166,40
DA:167,24
DA:168,26
DA:169,9
DA:170,6
DA:171,21
DA:172,53
DA:173,34
DA:174,24
DA:175,26
DA:176,9
DA:177,6
DA:178,20
DA:179,53
DA:180,34
DA:181,24
DA:182,26
DA:183,9
DA:184,6
DA:185,44
DA:186,26
DA:187,56
DA:188,47
DA:189,24
DA:190,26
DA:191,9
DA:192,6
DA:193,25
DA:194,56
DA:195,47
DA:196,24
DA:197,26
DA:198,9
DA:199,6
DA:200,26
DA:201,56
DA:202,33
DA:203,24
DA:204,26
DA:205,9
DA:206,6
DA:207,25
DA:208,56
DA:209,33
DA:210,24
DA:211,26
DA:212,9
DA:213,6
DA:214,43
DA:215,75
DA:216,24
DA:217,2
DA:218,77
DA:220,29
DA:221,45
DA:222,70
DA:223,50
DA:224,17
DA:225,34
DA:226,43
DA:227,33
DA:228,49
DA:229,109
DA:230,37
DA:231,78
DA:232,15
DA:233,103
DA:234,31
DA:235,25
DA:236,24
DA:237,4
DA:238,4
DA:240,33
DA:241,46
DA:242,2
DA:244,14
DA:247,10
DA:248,63
DA:249,320
DA:271,17
DA:272,8
DA:273,10
DA:274,13
DA:275,23
DA:276,23
DA:277,19
DA:278,15
DA:279,11
DA:280,10
DA:281,13
DA:282,17
DA:283,20
DA:284,9
DA:285,22
DA:286,3
DA:287,36
DA:288,61
DA:289,48
DA:290,58
DA:291,60
DA:292,55
DA:293,55
DA:297,0
DA:298,0
DA:299,0
DA:300,0
DA:301,0
DA:302,0
DA:303,0
DA:304,0
DA:305,0
DA:306,2
DA:307,6
DA:309,0
DA:310,0
DA:311,0
DA:312,0
DA:313,0
DA:314,0
DA:315,2
DA:316,6
DA:318,26
DA:319,79
DA:320,26
DA:321,4
DA:322,30
DA:323,57
DA:324,12
DA:325,4
DA:326,27
DA:327,44
DA:328,12
DA:329,4
DA:330,28
DA:331,60
DA:332,9
DA:333,4
DA:334,28
DA:335,71
DA:336,31
DA:337,4
DA:338,27
DA:339,27
DA:340,26
DA:341,4
DA:342,27
DA:343,49
DA:344,83
DA:345,86
DA:346,29
DA:347,2
DA:348,13
DA:349,4
DA:350,36
DA:351,84
DA:352,13
DA:353,4
DA:355,51
DA:356,40
DA:357,87
DA:358,38
DA:359,43
DA:360,51
DA:361,0
DA:362,0
DA:363,2
DA:364,53
DA:365,88
DA:366,97
DA:367,97
DA:369,32
DA:370,0
DA:371,0
DA:372,2
DA:374,36
DA:375,4
DA:377,36
DA:378,0
DA:379,0
DA:380,0
DA:381,2
DA:383,14
DA:384,4
DA:386,70
DA:387,42
DA:388,38
DA:389,42
DA:390,38
DA:391,46
DA:392,66
DA:393,4
DA:394,14
DA:395,31
DA:397,49
DA:398,91
DA:399,6
DA:400,54
DA:401,23
DA:402,75
DA:404,36
DA:405,75
DA:406,23
DA:407,27
DA:408,35
DA:409,35
DA:410,9
DA:411,13
DA:412,0
DA:413,5
DA:415,3
DA:416,6
DA:418,7
DA:419,86
DA:420,155
DA:421,151
DA:423,157
DA:424,163
DA:425,176
DA:426,209
DA:427,127
DA:428,51
DA:429,17
DA:430,192
DA:431,36
DA:432,11
DA:433,22
DA:434,215
DA:436,43
DA:437,42
DA:439,9
DA:440,232
DA:441,207
DA:442,152
DA:444,55
DA:445,209
DA:446,149
DA:448,70
DA:449,27
DA:450,25
DA:451,34
DA:452,17
DA:454,103
DA:455,25
DA:456,92
DA:457,216
DA:458,165
DA:459,246
DA:460,46
DA:462,238
DA:463,79
DA:464,66
DA:465,47
DA:466,57
DA:467,34
DA:468,45
DA:470,50
DA:471,71
DA:472,71
DA:473,72
DA:474,27
DA:475,78
DA:476,26
DA:477,7
DA:478,73
DA:479,34
DA:480,39
DA:481,39
DA:482,39
DA:483,39
DA:484,66
DA:485,57
DA:486,95
DA:487,1
DA:489,24
DA:491,49
DA:492,65
DA:493,72
DA:494,94
DA:495,108
DA:496,86
DA:497,65
DA:498,60
DA:499,7
DA:500,74
DA:501,11
DA:502,41
DA:503,47
DA:504,61
DA:505,51
DA:506,68
DA:507,89
DA:508,136
DA:509,48
DA:510,35
DA:511,37
DA:512,35
DA:513,34
DA:514,40
DA:515,40
DA:517,187
DA:518,90
DA:519,66
DA:520,41
DA:521,41
DA:522,50
DA:523,43
DA:524,48
DA:525,45
DA:526,30
DA:527,10
DA:528,90
DA:529,41
DA:530,41
DA:531,49
DA:532,43
DA:533,48
DA:534,45
DA:535,3
DA:536,32
DA:537,90
DA:538,41
DA:539,41
DA:540,63
DA:541,50
DA:542,30
DA:543,333
DA:544,92
DA:545,52
DA:546,55
DA:547,55
DA:548,46
DA:549,47
DA:550,47
DA:551,48
DA:552,30
DA:553,12
DA:554,90
DA:555,62
DA:556,62
DA:557,35
DA:558,46
DA:559,48
DA:560,45
DA:561,3
DA:562,32
DA:563,11
DA:564,108
DA:565,92
DA:566,69
DA:567,45
DA:568,53
DA:569,55
DA:570,40
DA:571,50
DA:572,48
DA:573,34
DA:574,94
DA:575,51
DA:576,50
DA:577,55
DA:578,47
DA:579,50
DA:580,50
DA:582,32
DA:583,220
DA:584,41
DA:585,9
DA:586,36
DA:587,71
DA:588,34
DA:589,53
DA:590,35
DA:592,24
DA:594,30
DA:595,2
DA:596,45
DA:597,50
DA:598,25
DA:600,235
DA:601,231
DA:602,231
DA:604,55
DA:605,220
DA:606,220
DA:608,55
DA:609,211
DA:610,259
DA:612,72
DA:613,46
DA:615,17
DA:616,332
DA:618,38
DA:620,20
DA:622,141
DA:623,113
DA:624,239
DA:625,258
DA:627,44
DA:628,46
DA:629,119
DA:630,58
DA:631,68
DA:632,7
DA:633,81
DA:634,85
DA:635,41
DA:636,35
DA:637,41
DA:638,52
DA:639,64
DA:640,16
DA:641,178
DA:642,10
DA:643,2
DA:644,69
DA:645,27
DA:647,155
DA:648,94
DA:649,131
DA:650,89
DA:652,249
DA:653,42
DA:654,155
DA:655,182
DA:656,200
DA:657,444
DA:658,95
DA:659,95
DA:660,12
DA:661,307
DA:663,11
DA:664,81
DA:665,87
DA:666,18
DA:667,230
DA:668,55
DA:669,9
DA:670,69
DA:671,79
DA:672,96
DA:673,16
DA:674,36
DA:675,56
DA:676,35
DA:677,63
DA:678,70
DA:679,191
DA:680,257
DA:681,262
DA:682,287
DA:683,96
DA:684,65
DA:685,61
DA:686,36
DA:688,20
DA:689,25
DA:691,62
DA:692,0
DA:693,0
DA:694,0
DA:695,0
DA:697,0
DA:698,0
DA:699,2
DA:700,33
DA:701,37
DA:704,224
DA:705,77
DA:706,234
DA:707,281
DA:709,44
DA:710,46
DA:711,113
DA:712,33
DA:713,45
DA:714,61
DA:715,294
DA:717,143
DA:719,277
DA:721,47
DA:722,62
DA:723,38
DA:725,26
DA:726,74
DA:727,27
DA:728,27
DA:729,29
DA:730,36
DA:731,198
DA:733,127
DA:734,173
DA:735,79
DA:736,212
DA:737,320
DA:739,29
DA:740,14
DA:741,275
DA:743,8
DA:744,45
DA:745,65
DA:746,42
DA:747,10
DA:748,25
DA:749,35
DA:750,26
DA:751,106
DA:755,35
DA:756,7
DA:757,67
DA:758,19
DA:759,12
DA:760,27
DA:761,16
DA:762,175
DA:763,102
DA:764,5
DA:767,11
DA:771,22
DA:772,7
DA:773,88
DA:774,195
DA:775,169
DA:776,16
DA:780,4
DA:781,7
DA:782,9
DA:783,13
DA:784,13
DA:785,7
DA:786,10
DA:787,13
DA:796,3
DA:797,7
DA:798,63
DA:799,34
DA:800,26
DA:801,122
DA:803,111
DA:804,72
DA:805,109
DA:806,67
DA:808,161
DA:809,20
DA:810,111
DA:811,138
DA:812,205
DA:813,12
DA:814,0
DA:816,2
DA:817,37
DA:818,42
DA:819,18
DA:820,196
DA:821,25
DA:822,34
DA:823,72
DA:824,27
DA:825,29
DA:826,55
DA:827,218
DA:829,116
DA:830,29
DA:831,26
DA:833,131
DA:834,169
DA:835,176
DA:836,176
DA:837,174
DA:838,187
DA:839,25
DA:841,192
DA:842,144
DA:843,12
DA:844,228
DA:845,64
DA:846,25
DA:848,192
DA:850,19
DA:851,72
DA:852,27
DA:853,32
DA:854,38
DA:855,14
DA:856,12
DA:857,115
DA:858,51
DA:860,357
DA:862,12
DA:863,147
DA:864,147
DA:866,20
DA:867,12
DA:868,118
DA:869,132
DA:871,188
DA:872,20
DA:874,131
DA:876,150
DA:877,30
DA:879,29
DA:880,29
DA:881,19
DA:885,22
DA:886,7
DA:887,148
DA:888,178
DA:889,159
DA:890,16
DA:894,26
DA:895,26
DA:897,0
DA:898,0
DA:899,0
DA:900,0
DA:901,0
DA:902,0
DA:903,0
DA:904,0
DA:905,0
DA:906,0
DA:907,0
DA:908,0
DA:909,0
DA:910,0
DA:911,0
DA:912,0
DA:913,0
DA:914,0
DA:915,0
DA:916,0
DA:917,0
DA:918,0
DA:919,0
DA:920,0
DA:921,0
DA:922,0
DA:923,0
DA:924,0
DA:925,0
DA:926,0
DA:927,0
DA:928,0
DA:929,0
DA:930,0
DA:931,0
DA:932,0
DA:933,0
DA:934,0
DA:935,0
LF:747
LH:677
end_of_record
TN:
SF:app\components\VibeMarketingIslandGraphSection.tsx
FNF:2
FNH:2
DA:1,39
DA:2,39
DA:6,90
DA:8,24
DA:9,7
DA:10,64
DA:11,10
DA:12,143
DA:13,21
DA:14,255
DA:15,151
DA:17,35
DA:18,26
DA:21,103
DA:22,78
LF:15
LH:15
end_of_record
TN:
SF:app\components\VibeMarketingPillarIcon.tsx
FNF:1
FNH:1
DA:2,121
DA:18,23
DA:19,15
DA:20,24
DA:21,17
DA:22,16
DA:23,19
DA:24,15
DA:25,17
DA:26,13
DA:27,12
DA:28,18
DA:29,2
DA:31,9
DA:32,13
DA:33,8
DA:34,3
DA:35,59
DA:36,82
DA:39,25
LF:20
LH:20
end_of_record
TN:
SF:app\components\articles\SydneyEventFitFinder.tsx
FNF:4
FNH:3
DA:1,42
DA:3,68
DA:13,22
DA:14,32
DA:15,31
DA:16,28
DA:17,35
DA:18,28
DA:19,25
DA:20,25
DA:21,2
DA:23,9
DA:24,33
DA:25,7
DA:26,9
DA:27,7
DA:33,3
DA:34,14
DA:35,19
DA:36,18
DA:37,23
DA:39,38
DA:40,17
DA:41,50
DA:42,4
DA:44,65
DA:45,39
DA:46,13
DA:47,21
DA:48,2
DA:49,18
DA:50,5
DA:51,4
DA:53,4
DA:54,21
DA:55,31
DA:56,31
DA:57,7
DA:58,35
DA:59,13
DA:60,29
DA:61,5
DA:62,4
DA:64,47
DA:65,17
DA:66,41
DA:67,4
DA:69,32
DA:70,2
DA:71,4
DA:72,17
DA:73,28
DA:74,52
DA:75,52
DA:76,46
DA:77,1
DA:80,0
DA:81,0
DA:82,0
DA:83,0
DA:84,0
DA:85,0
DA:86,0
DA:87,0
DA:88,0
DA:89,0
DA:90,0
DA:91,0
DA:92,0
DA:93,0
DA:94,0
DA:95,0
DA:96,0
DA:97,0
DA:98,0
DA:99,0
DA:100,0
DA:101,0
DA:102,0
DA:103,0
DA:104,0
DA:105,0
DA:106,0
DA:107,0
DA:108,0
DA:109,0
DA:110,0
DA:111,0
DA:112,0
DA:113,0
DA:114,0
DA:115,0
DA:116,0
DA:117,0
DA:118,0
DA:119,0
DA:120,0
DA:121,0
DA:122,0
DA:123,0
DA:124,0
DA:125,0
DA:126,0
DA:127,0
DA:128,0
DA:129,0
DA:130,0
DA:131,0
DA:132,0
DA:133,0
DA:134,0
DA:135,0
DA:136,0
DA:137,0
DA:138,0
DA:139,0
DA:140,0
DA:141,0
DA:142,0
DA:143,0
DA:144,0
DA:145,0
DA:146,0
DA:147,0
DA:148,0
DA:149,0
DA:150,0
DA:151,0
DA:152,0
DA:153,0
DA:154,0
DA:155,0
DA:156,0
DA:157,0
DA:158,0
DA:159,0
DA:160,0
DA:161,0
DA:162,0
DA:163,0
DA:164,0
DA:165,0
DA:166,0
DA:167,0
DA:168,0
DA:169,0
DA:170,0
DA:171,0
DA:172,0
DA:173,0
DA:174,0
DA:175,0
DA:176,0
DA:177,0
DA:178,0
DA:179,0
DA:180,0
DA:181,0
DA:182,0
DA:183,0
DA:184,0
DA:185,0
DA:186,0
DA:187,0
DA:188,0
DA:189,0
DA:190,0
DA:191,0
DA:192,0
DA:193,0
DA:194,0
DA:195,0
DA:196,0
DA:197,0
DA:198,0
DA:199,0
DA:200,0
DA:201,0
DA:202,0
DA:203,0
DA:204,0
DA:205,0
DA:206,0
DA:207,0
DA:208,0
DA:209,0
DA:210,0
DA:211,0
DA:212,0
DA:213,0
DA:214,0
DA:215,0
DA:216,67
LF:193
LH:57
end_of_record
TN:
SF:app\components\articles\UnicornValuationCalculator.tsx
FNF:5
FNH:2
DA:1,41
DA:5,11
DA:6,50
DA:9,0
DA:10,0
DA:11,0
DA:12,0
DA:13,0
DA:14,0
DA:18,0
DA:19,0
DA:20,1
DA:23,9
DA:24,11
DA:25,11
DA:26,19
DA:31,3
DA:32,46
DA:33,46
DA:34,38
DA:35,5
DA:36,30
DA:37,4
DA:38,48
DA:39,70
DA:40,26
DA:41,47
DA:42,30
DA:43,46
DA:45,12
DA:46,14
DA:47,22
DA:48,26
DA:49,69
DA:50,1
DA:53,0
DA:54,0
DA:55,0
DA:56,0
DA:57,0
DA:58,0
DA:59,0
DA:60,0
DA:61,0
DA:62,0
DA:63,0
DA:64,0
DA:65,0
DA:66,0
DA:67,0
DA:68,0
DA:69,0
DA:70,0
DA:71,0
DA:72,0
DA:73,0
DA:74,0
DA:75,0
DA:76,0
DA:77,0
DA:78,0
DA:79,0
DA:80,0
DA:81,0
DA:82,0
DA:83,0
DA:84,0
DA:85,0
DA:86,0
DA:87,0
DA:88,0
DA:89,0
DA:90,0
DA:91,0
DA:92,0
DA:93,0
DA:94,0
DA:95,0
DA:96,0
DA:97,0
DA:98,0
DA:99,0
DA:100,0
DA:101,0
DA:102,0
DA:103,0
DA:104,0
DA:105,0
DA:106,0
DA:107,0
DA:108,0
DA:109,0
DA:110,0
DA:111,0
DA:112,0
DA:113,0
DA:114,0
DA:115,0
DA:116,0
DA:117,0
DA:118,0
DA:119,0
DA:120,0
DA:121,0
DA:122,0
DA:123,0
DA:124,0
DA:125,0
DA:126,0
DA:127,0
DA:128,0
DA:129,0
DA:130,0
DA:131,0
DA:132,0
DA:133,0
DA:134,0
DA:135,0
DA:136,0
DA:137,0
DA:138,0
DA:139,0
DA:140,0
DA:141,0
DA:142,0
DA:143,0
DA:144,0
DA:145,0
DA:146,0
DA:147,0
DA:148,0
DA:149,0
DA:150,0
DA:151,0
DA:152,0
DA:153,0
DA:154,0
DA:155,0
DA:156,0
DA:157,0
DA:158,0
DA:159,0
DA:160,0
DA:161,0
DA:162,0
DA:163,0
DA:164,0
DA:165,0
DA:166,0
DA:167,0
DA:168,0
DA:169,0
DA:170,0
DA:171,0
DA:172,0
DA:173,0
DA:174,0
DA:175,0
DA:176,0
DA:177,0
DA:178,0
DA:179,0
DA:180,0
DA:181,0
DA:182,0
DA:183,0
DA:184,0
DA:185,0
DA:186,0
DA:187,0
DA:188,0
DA:189,0
DA:190,0
DA:191,0
DA:192,0
DA:193,0
DA:194,0
DA:195,0
DA:196,0
DA:197,0
DA:198,0
DA:199,0
DA:200,0
DA:201,0
DA:202,0
DA:203,0
DA:204,0
DA:205,0
DA:206,0
DA:207,0
DA:208,0
DA:209,0
DA:210,0
DA:211,0
DA:212,0
DA:213,0
DA:214,0
DA:215,0
DA:216,0
DA:217,0
DA:218,0
DA:219,0
DA:220,0
DA:221,0
DA:222,0
DA:223,0
DA:224,0
DA:225,0
DA:226,0
DA:227,0
DA:228,0
DA:229,0
DA:230,0
DA:231,0
DA:232,0
DA:233,0
DA:234,0
DA:235,0
DA:236,0
DA:237,0
DA:238,0
DA:239,0
DA:240,0
DA:241,0
DA:242,0
DA:243,0
DA:244,0
DA:245,0
DA:246,67
LF:229
LH:28
end_of_record
TN:
SF:app\data\medhack-frontiers.ts
FNF:1
FNH:1
DA:57,34
DA:58,46
DA:59,47
DA:60,48
DA:61,50
DA:62,64
DA:63,58
DA:64,48
DA:65,64
DA:66,57
DA:67,56
DA:68,2
DA:72,31
DA:73,688
DA:74,339
DA:75,2
DA:79,40
DA:80,166
DA:81,335
DA:82,129
DA:83,485
DA:84,2
DA:88,34
DA:89,5
DA:90,41
DA:91,30
DA:92,27
DA:93,48
DA:94,43
DA:95,18
DA:96,73
DA:97,54
DA:98,66
DA:99,67
DA:100,98
DA:101,52
DA:102,43
DA:103,71
DA:104,65
DA:105,54
DA:106,54
DA:107,52
DA:108,58
DA:109,79
DA:110,48
DA:111,3
DA:112,4
DA:113,5
DA:114,46
DA:115,28
DA:116,27
DA:117,48
DA:118,43
DA:119,18
DA:120,80
DA:121,69
DA:122,55
DA:123,43
DA:124,64
DA:125,76
DA:126,65
DA:127,74
DA:128,114
DA:129,56
DA:130,85
DA:131,77
DA:132,63
DA:133,95
DA:134,76
DA:135,68
DA:136,48
DA:137,3
DA:138,2
DA:139,2
DA:143,38
DA:144,151
DA:145,13
DA:146,7
DA:147,35
DA:148,494
DA:149,6
DA:150,7
DA:151,37
DA:152,461
DA:153,3
DA:154,4
DA:155,12
DA:156,84
DA:157,70
DA:158,88
DA:159,81
DA:160,115
DA:161,2
DA:162,2
DA:166,323
DA:168,42
DA:169,5
DA:170,23
DA:171,117
DA:172,16
DA:173,18
DA:174,49
DA:175,61
DA:176,59
DA:177,6
DA:178,131
DA:179,116
DA:180,97
DA:181,4
DA:182,5
DA:183,36
DA:184,95
DA:185,17
DA:186,18
DA:187,56
DA:188,69
DA:189,48
DA:190,6
DA:191,115
DA:192,93
DA:193,91
DA:194,4
DA:195,5
DA:196,22
DA:197,70
DA:198,17
DA:199,18
DA:200,43
DA:201,43
DA:202,56
DA:203,6
DA:204,118
DA:205,94
DA:206,83
DA:207,4
DA:208,5
DA:209,34
DA:210,108
DA:211,17
DA:212,18
DA:213,59
DA:214,59
DA:215,53
DA:216,6
DA:217,112
DA:218,102
DA:219,90
DA:220,4
DA:221,5
DA:222,31
DA:223,85
DA:224,17
DA:225,18
DA:226,44
DA:227,64
DA:228,45
DA:229,6
DA:230,107
DA:231,91
DA:232,77
DA:233,4
DA:234,5
DA:235,27
DA:236,95
DA:237,16
DA:238,18
DA:239,64
DA:240,80
DA:241,65
DA:242,6
DA:243,123
DA:244,107
DA:245,88
DA:246,2
DA:247,2
DA:251,32
DA:252,5
DA:253,27
DA:254,41
DA:255,25
DA:256,255
DA:257,4
DA:258,5
DA:259,33
DA:260,44
DA:261,29
DA:262,237
DA:263,4
DA:264,5
DA:265,29
DA:266,44
DA:267,28
DA:268,229
DA:269,4
DA:270,5
DA:271,26
DA:272,34
DA:273,24
DA:274,230
DA:275,2
DA:276,2
DA:280,41
DA:281,5
DA:282,35
DA:283,232
DA:284,4
DA:285,5
DA:286,34
DA:287,248
DA:288,4
DA:289,5
DA:290,35
DA:291,213
DA:292,4
DA:293,5
DA:294,40
DA:295,225
DA:296,4
DA:297,5
DA:298,34
DA:299,220
DA:300,4
DA:301,5
DA:302,32
DA:303,204
DA:304,2
DA:305,2
DA:309,34
DA:310,5
DA:311,35
DA:312,281
DA:313,4
DA:314,5
DA:315,29
DA:316,243
DA:317,4
DA:318,5
DA:319,34
DA:320,290
DA:321,4
DA:322,5
DA:323,33
DA:324,201
DA:325,4
DA:326,5
DA:327,23
DA:328,251
DA:329,2
DA:330,2
DA:334,34
DA:335,71
DA:336,92
DA:337,105
DA:338,66
DA:339,1
LF:255
LH:255
end_of_record
TN:
SF:app\lib\api.ts
FNF:20
FNH:6
DA:1,44
DA:2,52
DA:4,11
DA:5,75
DA:8,0
DA:9,1
DA:12,0
DA:13,0
DA:14,0
DA:15,0
DA:16,0
DA:17,0
DA:18,0
DA:19,0
DA:20,0
DA:21,0
DA:22,0
DA:23,0
DA:24,0
DA:25,0
DA:26,0
DA:27,0
DA:28,0
DA:29,0
DA:30,0
DA:31,0
DA:32,0
DA:33,0
DA:34,0
DA:35,0
DA:36,0
DA:37,1
DA:45,0
DA:46,0
DA:47,0
DA:48,0
DA:49,1
DA:58,49
DA:59,13
DA:60,25
DA:61,14
DA:65,91
DA:66,42
DA:67,21
DA:68,85
DA:69,86
DA:70,95
DA:71,26
DA:72,2
DA:73,2
DA:74,33
DA:75,79
DA:81,0
DA:82,0
DA:83,0
DA:84,0
DA:85,0
DA:86,0
DA:87,0
DA:88,0
DA:89,0
DA:90,1
DA:93,14
DA:94,30
DA:95,0
DA:96,2
DA:100,82
DA:101,86
DA:103,30
DA:105,58
DA:107,34
DA:108,0
DA:109,0
DA:110,0
DA:111,0
DA:112,0
DA:113,0
DA:115,0
DA:117,0
DA:118,0
DA:119,0
DA:120,0
DA:121,0
DA:124,0
DA:125,0
DA:126,0
DA:128,0
DA:129,2
DA:132,44
DA:135,40
DA:140,44
DA:148,36
DA:151,44
DA:152,19
DA:153,24
DA:154,34
DA:155,29
DA:156,3
DA:157,35
DA:160,14
DA:161,40
DA:165,23
DA:166,34
DA:167,21
DA:169,17
DA:170,55
DA:171,24
DA:172,37
DA:173,4
DA:181,55
DA:182,24
DA:183,37
DA:184,2
DA:185,2
DA:187,33
DA:188,12
DA:189,26
DA:190,12
DA:191,36
DA:192,30
DA:193,5
DA:194,30
DA:197,31
DA:198,0
DA:199,0
DA:200,0
DA:201,0
DA:202,0
DA:203,0
DA:204,0
DA:205,0
DA:206,0
DA:207,0
DA:208,0
DA:209,0
DA:210,0
DA:211,0
DA:212,0
DA:213,0
DA:214,0
DA:215,1
DA:218,4
DA:220,32
DA:221,1
DA:222,0
DA:223,0
DA:224,0
DA:225,0
DA:226,0
DA:227,0
DA:228,0
DA:229,0
DA:232,4
DA:234,14
DA:239,0
DA:240,0
DA:241,0
DA:242,0
DA:243,0
DA:244,0
DA:245,0
DA:246,0
DA:247,0
DA:248,0
DA:249,0
DA:250,0
DA:251,0
DA:252,0
DA:253,1
DA:256,0
DA:257,0
DA:258,0
DA:259,0
DA:260,0
DA:261,0
DA:262,0
DA:263,0
DA:264,0
DA:265,0
DA:266,0
DA:267,0
DA:268,0
DA:269,1
DA:272,37
DA:273,0
DA:274,0
DA:275,0
DA:276,0
DA:277,0
DA:278,0
DA:279,0
DA:280,0
DA:281,0
DA:282,0
DA:283,0
DA:284,0
DA:285,0
DA:286,0
DA:287,0
DA:288,0
DA:289,0
DA:290,0
DA:291,1
DA:294,3
DA:297,38
DA:298,1
DA:299,0
DA:300,0
DA:301,0
DA:302,0
DA:303,0
DA:304,0
DA:305,0
DA:306,0
DA:307,0
DA:308,0
DA:309,0
DA:310,0
DA:311,0
DA:312,0
DA:313,0
DA:314,0
DA:315,0
DA:316,0
DA:319,2
LF:225
LH:81
end_of_record
TN:
SF:app\lib\article-system-connection-steps.ts
FNF:2
FNH:2
DA:50,17
DA:51,69
DA:52,31
DA:53,64
DA:54,58
DA:55,32
DA:56,92
DA:57,29
DA:58,37
DA:61,16
DA:62,61
DA:63,71
DA:64,65
DA:65,95
DA:66,186
DA:67,67
DA:68,79
DA:69,51
DA:70,5
DA:71,20
DA:72,45
DA:73,3
DA:74,4
DA:76,33
DA:77,5
DA:78,18
DA:79,23
DA:80,26
DA:81,20
DA:82,23
DA:83,1
DA:84,0
DA:85,0
DA:86,0
DA:87,0
DA:88,0
DA:89,0
DA:90,2
DA:92,11
DA:93,21
DA:94,0
DA:95,0
DA:96,0
DA:97,0
DA:98,0
DA:99,0
DA:100,0
DA:101,27
DA:102,14
DA:103,17
DA:104,24
DA:105,28
DA:106,22
DA:107,25
DA:108,4
DA:109,36
DA:110,14
DA:111,17
DA:112,23
DA:113,28
DA:114,22
DA:115,25
DA:116,4
DA:117,62
DA:118,14
DA:119,17
DA:120,25
DA:121,28
DA:122,22
DA:123,25
DA:124,4
DA:125,11
DA:126,14
DA:127,17
DA:128,23
DA:129,29
DA:130,21
DA:131,84
DA:132,7
DA:135,21
DA:136,33
DA:138,24
DA:139,27
DA:140,25
DA:141,28
DA:142,22
DA:143,25
DA:144,4
DA:145,27
DA:146,0
DA:147,0
DA:148,0
DA:149,0
DA:150,0
DA:151,0
DA:152,0
DA:153,60
DA:154,24
DA:155,27
DA:156,25
DA:157,25
DA:158,46
DA:159,94
DA:160,8
DA:161,22
DA:162,31
DA:163,23
DA:164,4
DA:165,36
DA:166,24
DA:167,27
DA:168,23
DA:169,28
DA:170,22
DA:171,25
DA:172,4
DA:173,11
DA:174,24
DA:175,27
DA:176,23
DA:177,29
DA:178,21
DA:179,32
DA:180,81
DA:181,65
DA:182,7
DA:185,17
DA:186,33
DA:190,20
DA:191,23
DA:192,25
DA:193,28
DA:194,22
DA:195,25
DA:196,4
DA:197,91
DA:198,20
DA:199,23
DA:200,23
DA:201,29
DA:202,21
DA:203,36
DA:204,70
DA:205,3
DA:206,4
DA:207,91
DA:208,20
DA:209,23
DA:210,25
DA:211,28
DA:212,22
DA:213,31
DA:214,23
DA:215,4
DA:216,49
DA:217,20
DA:218,23
DA:219,24
DA:220,28
DA:221,22
DA:222,31
DA:223,23
DA:224,4
DA:225,92
DA:226,20
DA:227,23
DA:228,24
DA:229,28
DA:230,22
DA:231,19
DA:232,164
DA:233,23
DA:234,4
DA:235,11
DA:236,20
DA:237,23
DA:238,23
DA:239,28
DA:240,22
DA:241,31
DA:242,23
DA:243,7
DA:246,12
DA:247,12
DA:248,9
DA:249,19
DA:250,12
DA:251,1
LF:188
LH:168
end_of_record
TN:
SF:app\lib\australian-accelerator-programs.ts
FNF:1
FNH:1
DA:1,158
DA:2,58
DA:3,62
DA:19,49
DA:20,5
DA:21,34
DA:22,24
DA:23,118
DA:24,79
DA:25,25
DA:26,16
DA:27,191
DA:28,15
DA:29,151
DA:30,19
DA:31,111
DA:32,63
DA:33,42
DA:34,14
DA:35,4
DA:36,5
DA:37,71
DA:38,24
DA:39,112
DA:40,66
DA:41,25
DA:42,16
DA:43,130
DA:44,15
DA:45,112
DA:46,19
DA:47,128
DA:48,11
DA:49,77
DA:50,52
DA:51,14
DA:52,4
DA:53,5
DA:54,42
DA:55,24
DA:56,120
DA:57,16
DA:58,144
DA:59,25
DA:60,16
DA:61,127
DA:62,15
DA:63,87
DA:64,19
DA:65,115
DA:66,58
DA:67,42
DA:68,14
DA:69,4
DA:70,5
DA:71,32
DA:72,39
DA:73,135
DA:74,16
DA:75,128
DA:76,10
DA:77,119
DA:78,16
DA:79,189
DA:80,89
DA:81,19
DA:82,106
DA:83,11
DA:84,94
DA:85,44
DA:86,14
DA:87,4
DA:88,5
DA:89,52
DA:90,24
DA:91,109
DA:92,16
DA:93,133
DA:94,70
DA:95,16
DA:96,95
DA:97,15
DA:98,93
DA:99,19
DA:100,101
DA:101,65
DA:102,42
DA:103,14
DA:104,4
DA:105,5
DA:106,48
DA:107,24
DA:108,117
DA:109,16
DA:110,107
DA:111,45
DA:112,16
DA:113,111
DA:114,15
DA:115,119
DA:116,19
DA:117,109
DA:118,11
DA:119,79
DA:120,52
DA:121,14
DA:122,4
DA:123,5
DA:124,39
DA:125,22
DA:126,129
DA:127,109
DA:128,24
DA:129,16
DA:130,198
DA:131,15
DA:132,124
DA:133,19
DA:134,113
DA:135,58
DA:136,41
DA:137,14
DA:138,2
DA:139,1
LF:124
LH:124
end_of_record
TN:
SF:app\lib\australian-unicorn-evidence.ts
FNF:1
FNH:1
DA:1,126
DA:2,54
DA:3,58
DA:31,45
DA:32,5
DA:33,25
DA:34,22
DA:35,121
DA:36,21
DA:37,128
DA:38,64
DA:39,32
DA:40,48
DA:41,40
DA:42,34
DA:43,11
DA:44,92
DA:45,69
DA:46,39
DA:47,46
DA:48,53
DA:49,12
DA:50,173
DA:51,14
DA:52,4
DA:53,5
DA:54,21
DA:55,22
DA:56,122
DA:57,21
DA:58,85
DA:59,79
DA:60,32
DA:61,51
DA:62,40
DA:63,34
DA:64,11
DA:65,126
DA:66,13
DA:67,100
DA:68,39
DA:69,45
DA:70,49
DA:71,12
DA:72,148
DA:73,14
DA:74,4
DA:75,5
DA:76,27
DA:77,22
DA:78,80
DA:79,21
DA:80,111
DA:81,77
DA:82,32
DA:83,46
DA:84,51
[...]
DA:3244,0
DA:3245,0
DA:3246,0
DA:3247,0
DA:3248,0
DA:3249,0
DA:3250,0
DA:3251,0
DA:3252,0
DA:3253,0
DA:3254,0
DA:3255,0
DA:3256,0
DA:3257,0
DA:3258,0
DA:3259,0
DA:3260,0
DA:3261,0
DA:3262,0
DA:3263,0
DA:3264,0
DA:3265,0
DA:3266,0
DA:3267,0
DA:3268,0
DA:3269,0
DA:3270,0
DA:3271,0
DA:3272,0
DA:3273,0
DA:3274,0
DA:3275,0
DA:3276,0
DA:3277,0
DA:3278,0
DA:3279,0
DA:3280,0
DA:3281,0
DA:3282,0
DA:3283,0
DA:3284,0
DA:3285,0
DA:3286,0
DA:3287,0
DA:3288,0
DA:3289,0
DA:3290,0
DA:3291,0
DA:3292,0
DA:3293,0
DA:3294,0
DA:3295,0
DA:3296,0
DA:3297,0
DA:3298,0
DA:3299,0
DA:3300,0
DA:3301,0
DA:3302,0
DA:3303,0
DA:3304,0
DA:3305,0
DA:3306,0
DA:3307,0
DA:3308,0
DA:3309,0
DA:3310,0
DA:3311,0
DA:3312,0
DA:3313,0
DA:3314,0
DA:3315,0
DA:3316,0
DA:3317,0
DA:3318,0
DA:3319,0
DA:3320,0
DA:3321,0
DA:3322,0
DA:3323,0
DA:3324,0
DA:3325,0
DA:3326,0
DA:3327,0
DA:3328,0
DA:3329,0
DA:3330,0
DA:3331,0
DA:3332,0
DA:3333,0
DA:3334,0
DA:3335,0
DA:3336,0
DA:3337,0
DA:3338,0
DA:3339,0
DA:3340,0
DA:3341,0
DA:3342,0
DA:3343,0
DA:3344,0
DA:3345,0
DA:3346,0
DA:3347,0
DA:3348,0
DA:3349,0
DA:3350,0
DA:3351,0
DA:3352,0
DA:3353,0
DA:3354,0
DA:3355,1
DA:3370,38
DA:3372,0
DA:3373,0
DA:3374,0
DA:3375,0
DA:3376,0
DA:3377,0
DA:3378,0
DA:3379,0
DA:3380,0
DA:3381,0
DA:3382,0
DA:3389,0
DA:3390,0
DA:3391,0
DA:3392,0
DA:3393,0
DA:3394,0
DA:3395,0
DA:3396,0
DA:3397,0
DA:3398,0
DA:3399,0
DA:3400,0
DA:3401,0
DA:3402,0
DA:3403,0
DA:3404,0
DA:3405,0
DA:3406,0
DA:3407,0
DA:3408,0
DA:3409,0
DA:3410,0
DA:3411,0
DA:3412,0
DA:3413,0
DA:3414,0
DA:3415,0
DA:3416,0
DA:3417,0
DA:3418,0
DA:3419,0
DA:3420,0
DA:3421,0
DA:3422,0
DA:3423,0
DA:3424,0
DA:3425,0
DA:3426,0
DA:3427,0
DA:3428,0
DA:3429,0
DA:3430,0
DA:3431,0
DA:3432,0
DA:3433,0
DA:3434,0
DA:3435,0
DA:3436,0
DA:3437,0
DA:3438,0
DA:3439,0
DA:3440,0
DA:3441,0
DA:3442,0
DA:3443,0
DA:3444,0
DA:3445,0
DA:3446,0
DA:3447,0
DA:3448,0
DA:3449,0
DA:3450,0
DA:3451,0
DA:3452,0
DA:3453,0
DA:3454,0
DA:3455,0
DA:3456,0
DA:3457,0
DA:3458,0
DA:3459,0
DA:3460,0
DA:3461,0
DA:3462,0
DA:3463,0
DA:3464,0
DA:3465,0
DA:3466,0
DA:3467,0
DA:3468,0
DA:3469,0
DA:3470,0
DA:3471,0
DA:3472,0
DA:3473,0
DA:3474,0
DA:3475,0
DA:3476,0
DA:3477,0
DA:3478,0
DA:3479,0
DA:3483,0
DA:3484,0
DA:3485,0
DA:3486,0
DA:3487,0
DA:3488,0
DA:3489,0
DA:3490,0
DA:3491,0
DA:3492,0
DA:3493,0
DA:3494,0
DA:3495,0
DA:3496,0
DA:3497,0
DA:3498,0
DA:3499,0
DA:3500,0
DA:3501,0
DA:3502,0
DA:3503,0
DA:3504,0
DA:3505,0
DA:3506,0
DA:3507,0
DA:3508,0
DA:3513,0
DA:3514,0
DA:3515,0
DA:3516,0
DA:3517,0
DA:3518,0
DA:3519,0
DA:3520,0
DA:3521,0
DA:3522,0
DA:3523,0
DA:3524,0
DA:3525,0
DA:3526,0
DA:3527,0
DA:3528,0
DA:3529,0
DA:3530,0
DA:3531,0
DA:3532,0
DA:3533,0
DA:3534,0
DA:3535,0
DA:3536,0
DA:3537,0
DA:3538,0
DA:3539,0
DA:3540,0
DA:3541,0
DA:3542,0
DA:3543,0
DA:3544,0
DA:3545,0
DA:3546,0
DA:3547,0
DA:3548,0
DA:3549,0
DA:3550,0
DA:3551,0
DA:3552,0
DA:3553,0
DA:3554,0
DA:3555,0
DA:3556,0
DA:3557,0
DA:3558,0
DA:3559,0
DA:3560,0
DA:3561,0
DA:3562,0
DA:3563,0
DA:3564,0
DA:3565,0
DA:3566,0
DA:3567,0
DA:3568,0
DA:3569,0
DA:3570,0
DA:3571,0
DA:3572,0
DA:3573,0
DA:3574,0
DA:3575,0
DA:3576,0
DA:3577,0
DA:3578,0
DA:3579,0
DA:3580,0
DA:3581,0
DA:3582,0
DA:3583,0
DA:3584,0
DA:3585,0
DA:3586,0
DA:3587,0
DA:3588,0
DA:3589,0
DA:3590,0
DA:3591,0
DA:3592,0
DA:3593,0
DA:3594,0
DA:3595,0
DA:3596,0
DA:3597,0
DA:3598,0
DA:3599,0
DA:3600,0
DA:3601,0
DA:3602,0
DA:3603,0
DA:3604,0
DA:3605,0
DA:3606,0
DA:3607,0
DA:3608,0
DA:3609,0
DA:3610,0
DA:3611,0
DA:3612,0
DA:3613,0
DA:3614,0
DA:3615,0
DA:3616,0
DA:3617,0
DA:3618,0
DA:3619,0
DA:3620,0
DA:3621,0
DA:3622,0
DA:3623,0
DA:3624,0
DA:3625,0
DA:3626,0
DA:3627,0
DA:3628,0
DA:3633,0
DA:3634,0
DA:3635,0
DA:3636,0
DA:3637,0
DA:3638,0
DA:3639,0
DA:3640,0
DA:3641,0
DA:3642,0
DA:3643,0
DA:3644,0
DA:3645,0
DA:3646,0
DA:3647,0
DA:3648,0
DA:3649,0
DA:3650,0
DA:3651,0
DA:3652,0
DA:3653,0
DA:3654,0
DA:3655,0
DA:3656,0
DA:3657,0
DA:3658,0
DA:3659,0
DA:3660,0
DA:3661,0
DA:3662,0
DA:3663,0
DA:3664,0
DA:3665,0
DA:3666,0
DA:3667,0
DA:3668,0
DA:3669,0
DA:3670,0
DA:3671,0
DA:3672,0
DA:3673,0
DA:3674,0
DA:3675,0
DA:3676,0
DA:3677,0
DA:3678,0
DA:3679,0
DA:3680,0
DA:3681,0
DA:3682,0
DA:3683,0
DA:3684,0
DA:3685,0
DA:3686,0
DA:3687,0
DA:3688,0
DA:3689,0
DA:3690,0
DA:3691,0
DA:3692,0
DA:3693,0
DA:3694,0
DA:3695,0
DA:3696,0
DA:3697,0
DA:3698,0
DA:3699,0
DA:3700,0
DA:3701,0
DA:3702,0
DA:3703,0
DA:3704,0
DA:3705,0
DA:3706,0
DA:3707,0
DA:3708,0
DA:3709,0
DA:3710,0
DA:3711,0
DA:3712,0
DA:3713,0
DA:3714,0
DA:3715,0
DA:3716,0
DA:3717,0
DA:3718,0
DA:3719,0
DA:3720,0
DA:3721,0
DA:3722,0
DA:3723,0
DA:3724,0
DA:3725,0
DA:3726,0
DA:3727,0
DA:3728,0
DA:3729,0
DA:3730,0
DA:3731,0
DA:3732,0
DA:3733,0
DA:3734,0
DA:3735,0
DA:3736,0
DA:3737,0
DA:3738,0
DA:3739,0
DA:3740,0
DA:3741,0
DA:3742,0
DA:3743,0
DA:3744,0
DA:3745,0
DA:3746,0
DA:3747,0
DA:3748,0
DA:3749,0
DA:3750,0
DA:3751,0
DA:3752,0
DA:3753,0
DA:3754,0
DA:3755,0
DA:3756,0
DA:3757,0
DA:3758,0
DA:3759,0
DA:3760,0
DA:3761,0
DA:3762,0
DA:3763,0
DA:3764,0
DA:3765,0
DA:3766,0
DA:3767,0
DA:3768,0
DA:3769,0
DA:3770,0
DA:3771,0
DA:3772,0
DA:3773,0
DA:3774,0
DA:3775,0
DA:3776,0
DA:3777,0
DA:3778,0
DA:3779,0
DA:3780,0
DA:3781,0
DA:3782,0
DA:3783,0
DA:3784,0
DA:3785,0
DA:3786,0
DA:3787,0
DA:3788,0
DA:3789,0
DA:3790,0
DA:3791,0
DA:3792,0
DA:3793,0
DA:3794,0
DA:3795,0
DA:3796,0
DA:3797,0
DA:3798,0
DA:3799,0
DA:3800,0
DA:3801,0
DA:3802,0
DA:3803,0
DA:3804,0
DA:3805,0
DA:3806,0
DA:3807,0
DA:3808,0
DA:3809,0
DA:3810,0
DA:3811,0
DA:3812,0
DA:3813,0
DA:3814,0
DA:3815,0
DA:3816,0
DA:3817,0
DA:3818,0
DA:3819,0
DA:3820,0
DA:3821,0
DA:3822,0
DA:3823,0
DA:3824,0
DA:3825,0
DA:3826,0
DA:3827,0
DA:3828,0
DA:3829,0
DA:3830,0
DA:3831,0
DA:3832,0
DA:3833,0
DA:3834,0
DA:3835,0
DA:3836,0
DA:3837,0
DA:3838,0
DA:3839,0
DA:3840,0
DA:3841,0
DA:3842,0
DA:3843,0
DA:3844,0
DA:3845,0
DA:3846,0
DA:3847,0
DA:3848,0
DA:3849,0
DA:3850,0
DA:3851,0
DA:3852,0
DA:3853,0
DA:3854,0
DA:3855,0
DA:3856,0
DA:3857,0
DA:3858,0
DA:3859,0
DA:3860,0
DA:3861,0
DA:3862,0
DA:3863,0
DA:3864,0
DA:3865,0
DA:3866,0
DA:3867,0
DA:3868,0
DA:3869,0
DA:3870,0
DA:3871,0
DA:3872,0
DA:3873,0
DA:3874,0
DA:3875,0
DA:3876,0
DA:3877,0
DA:3878,0
DA:3879,0
DA:3880,0
DA:3881,0
DA:3882,0
DA:3883,0
DA:3884,0
DA:3885,0
DA:3886,0
DA:3887,0
DA:3888,0
DA:3889,0
DA:3890,0
DA:3891,0
DA:3892,0
DA:3893,0
DA:3894,0
DA:3895,0
DA:3896,0
DA:3897,0
DA:3898,0
DA:3899,0
DA:3900,0
DA:3901,0
DA:3902,0
DA:3903,0
DA:3904,0
DA:3905,0
DA:3906,0
DA:3907,0
DA:3908,0
DA:3909,0
DA:3910,0
DA:3911,0
DA:3912,0
DA:3913,0
DA:3914,0
DA:3915,0
DA:3916,0
DA:3917,0
DA:3918,0
DA:3919,0
DA:3920,0
DA:3921,0
DA:3922,0
DA:3923,0
DA:3924,0
DA:3925,0
DA:3926,0
DA:3927,0
DA:3928,0
DA:3929,0
DA:3930,0
DA:3931,0
DA:3932,0
DA:3933,0
DA:3934,0
DA:3935,0
DA:3936,0
DA:3937,0
DA:3938,0
DA:3939,0
DA:3940,0
DA:3941,0
DA:3942,0
DA:3943,0
DA:3944,0
DA:3945,0
DA:3946,0
DA:3947,0
DA:3948,0
DA:3949,0
DA:3950,0
DA:3951,0
DA:3952,0
DA:3953,0
DA:3954,0
DA:3955,0
DA:3956,0
DA:3957,0
DA:3958,0
DA:3959,0
DA:3960,0
DA:3961,0
DA:3962,0
DA:3963,0
DA:3964,0
DA:3965,0
DA:3966,0
DA:3967,0
DA:3968,0
DA:3969,0
DA:3970,0
DA:3971,0
DA:3972,0
DA:3973,0
DA:3974,0
DA:3975,0
DA:3976,0
DA:3977,0
DA:3978,0
DA:3979,0
DA:3980,0
DA:3981,0
DA:3982,0
DA:3983,0
DA:3984,0
DA:3985,0
DA:3986,0
DA:3987,0
DA:3988,0
DA:3989,0
DA:3990,0
DA:3991,0
DA:3992,0
DA:3993,0
DA:3994,0
DA:3995,0
DA:3996,0
DA:3997,0
DA:3998,0
DA:3999,0
DA:4000,0
DA:4001,0
DA:4002,0
DA:4003,0
DA:4004,0
DA:4005,0
DA:4006,0
DA:4007,0
DA:4008,0
DA:4009,0
DA:4010,0
DA:4011,0
DA:4012,0
DA:4013,0
DA:4014,0
DA:4015,0
DA:4016,0
DA:4017,0
DA:4018,0
DA:4019,0
DA:4020,0
DA:4021,0
DA:4022,0
DA:4023,0
DA:4024,0
DA:4025,0
DA:4026,0
DA:4027,0
DA:4028,0
DA:4029,0
DA:4030,0
DA:4031,0
DA:4032,0
DA:4033,0
DA:4034,0
DA:4035,0
DA:4036,0
DA:4037,0
DA:4038,0
DA:4039,0
DA:4040,0
DA:4041,0
DA:4042,0
DA:4043,0
DA:4044,0
DA:4045,0
DA:4046,0
DA:4047,0
DA:4048,0
DA:4049,0
DA:4050,0
DA:4051,0
DA:4052,0
DA:4053,0
DA:4054,0
DA:4055,0
DA:4056,0
DA:4057,0
DA:4058,0
DA:4059,0
DA:4060,0
DA:4061,0
DA:4062,0
DA:4067,0
DA:4068,0
DA:4069,0
DA:4070,0
DA:4071,0
DA:4072,0
DA:4073,0
DA:4074,0
DA:4075,0
DA:4076,0
DA:4077,0
DA:4078,0
DA:4079,0
DA:4080,0
DA:4081,0
DA:4082,0
DA:4083,0
DA:4084,0
DA:4085,0
DA:4086,0
DA:4087,0
DA:4092,0
DA:4093,0
DA:4094,0
DA:4095,0
DA:4096,0
DA:4097,0
DA:4098,0
DA:4099,0
DA:4100,0
DA:4101,0
DA:4102,0
DA:4103,0
DA:4104,0
DA:4105,0
DA:4106,0
DA:4107,0
DA:4108,0
DA:4109,0
DA:4110,0
DA:4111,0
DA:4112,0
DA:4113,0
DA:4114,0
DA:4115,0
DA:4116,0
DA:4117,0
DA:4118,0
DA:4119,0
DA:4120,0
DA:4125,4
DA:4126,11
DA:4127,13
DA:4128,15
DA:4129,13
DA:4130,14
DA:4131,16
DA:4132,16
DA:4133,17
DA:4134,19
DA:4135,20
DA:4136,19
DA:4149,3
DA:4150,31
DA:4151,44
DA:4152,49
DA:4154,0
DA:4155,0
DA:4156,0
DA:4157,0
DA:4158,2
DA:4159,35
DA:4161,0
DA:4162,0
DA:4163,0
DA:4164,0
DA:4165,0
DA:4166,0
DA:4167,0
DA:4168,0
DA:4169,0
DA:4170,0
DA:4171,0
DA:4172,0
DA:4173,0
DA:4174,0
DA:4175,0
DA:4176,0
DA:4177,0
DA:4178,0
DA:4179,0
DA:4180,0
DA:4181,0
DA:4182,0
DA:4183,0
DA:4184,0
DA:4185,0
DA:4186,0
DA:4187,0
DA:4188,0
DA:4189,0
DA:4190,0
DA:4191,0
DA:4192,0
DA:4193,0
DA:4194,0
DA:4195,0
DA:4196,0
DA:4197,0
DA:4198,0
DA:4199,0
DA:4200,0
DA:4201,0
DA:4202,0
DA:4203,0
DA:4204,0
DA:4205,0
DA:4206,0
DA:4207,0
DA:4208,0
DA:4209,0
DA:4210,0
DA:4211,1
DA:4214,0
DA:4215,0
DA:4216,0
DA:4217,0
DA:4218,0
DA:4219,0
DA:4220,2
DA:4223,7
DA:4224,138
DA:4225,0
DA:4226,0
DA:4227,0
DA:4228,0
DA:4229,0
DA:4230,0
DA:4231,0
DA:4232,0
DA:4233,0
DA:4234,0
DA:4235,0
DA:4236,0
DA:4237,0
DA:4238,0
DA:4239,0
DA:4240,0
DA:4241,0
DA:4242,0
DA:4243,0
DA:4244,0
DA:4245,0
DA:4246,0
DA:4247,0
DA:4248,0
DA:4249,0
DA:4250,0
DA:4251,0
DA:4252,0
DA:4253,0
DA:4254,0
DA:4255,0
DA:4256,0
DA:4257,0
DA:4258,0
DA:4259,0
DA:4260,0
DA:4261,0
DA:4262,0
DA:4263,0
DA:4264,0
DA:4265,0
DA:4266,0
DA:4267,0
DA:4268,0
DA:4269,0
DA:4270,0
DA:4271,0
DA:4272,0
DA:4273,0
DA:4274,0
DA:4275,0
DA:4276,0
DA:4277,0
DA:4278,0
DA:4279,0
DA:4280,0
DA:4281,0
DA:4282,0
DA:4283,0
DA:4286,8
DA:4288,66
DA:4289,0
DA:4290,0
DA:4291,0
DA:4293,0
DA:4294,0
DA:4295,0
DA:4296,0
DA:4297,0
DA:4298,0
DA:4299,0
DA:4300,0
DA:4301,0
DA:4302,0
DA:4303,0
DA:4304,0
DA:4305,0
DA:4306,0
DA:4307,0
DA:4308,0
DA:4310,0
DA:4311,0
DA:4312,2
DA:4313,13
DA:4314,15
DA:4318,0
DA:4319,0
DA:4320,0
DA:4321,0
DA:4322,0
DA:4323,0
DA:4324,0
DA:4325,0
DA:4326,0
DA:4327,0
DA:4328,0
DA:4329,0
DA:4330,0
DA:4331,0
DA:4332,0
DA:4333,0
DA:4334,0
DA:4335,0
DA:4336,0
DA:4337,0
DA:4338,0
DA:4339,0
DA:4340,0
DA:4341,0
DA:4342,0
DA:4343,0
DA:4344,0
DA:4345,0
DA:4346,0
DA:4347,0
DA:4348,0
DA:4349,0
DA:4350,0
DA:4351,0
DA:4352,0
DA:4353,0
DA:4354,0
DA:4355,0
DA:4356,0
DA:4357,0
DA:4358,0
DA:4359,0
DA:4360,0
DA:4361,0
DA:4362,0
DA:4363,0
DA:4364,0
DA:4365,0
DA:4366,0
DA:4367,0
DA:4368,0
DA:4369,0
DA:4370,0
DA:4371,0
DA:4372,0
DA:4373,0
DA:4374,0
DA:4375,0
DA:4376,0
DA:4377,0
DA:4378,0
DA:4379,0
DA:4380,0
DA:4381,0
DA:4382,0
DA:4383,0
DA:4384,0
DA:4385,0
DA:4386,0
DA:4387,0
DA:4388,0
DA:4389,0
DA:4390,0
DA:4391,0
DA:4392,0
DA:4393,0
DA:4394,0
DA:4395,0
DA:4396,0
DA:4397,0
DA:4398,0
DA:4399,0
DA:4400,0
DA:4401,0
DA:4402,0
DA:4403,0
DA:4404,0
DA:4405,0
DA:4406,0
DA:4407,0
DA:4408,0
DA:4409,0
DA:4410,0
DA:4411,0
DA:4412,0
DA:4413,0
DA:4414,0
DA:4415,0
DA:4416,0
DA:4417,0
DA:4418,0
DA:4419,0
DA:4420,0
DA:4421,0
DA:4422,0
DA:4423,0
DA:4424,0
DA:4425,0
DA:4426,0
DA:4427,0
DA:4428,0
DA:4433,0
DA:4434,0
DA:4435,0
DA:4436,0
DA:4440,0
DA:4441,0
DA:4442,0
DA:4446,0
DA:4447,0
DA:4448,0
DA:4449,0
DA:4453,0
DA:4454,0
DA:4455,0
DA:4456,0
DA:4457,0
DA:4458,0
DA:4459,0
DA:4460,0
DA:4461,0
DA:4462,0
DA:4463,0
DA:4464,0
DA:4465,0
DA:4466,0
DA:4467,0
DA:4468,0
DA:4469,0
DA:4470,0
DA:4471,0
DA:4472,0
DA:4473,0
DA:4474,0
DA:4475,0
DA:4476,0
DA:4477,0
DA:4478,0
DA:4479,0
DA:4480,0
DA:4481,0
DA:4482,0
DA:4483,0
DA:4484,0
DA:4485,0
DA:4486,0
DA:4487,0
DA:4488,0
DA:4489,0
DA:4490,0
DA:4491,0
DA:4492,0
DA:4493,0
DA:4494,0
DA:4495,0
DA:4496,0
DA:4497,0
DA:4498,0
DA:4499,0
DA:4500,0
DA:4501,0
DA:4502,0
DA:4503,0
DA:4504,0
DA:4505,0
DA:4506,0
DA:4507,0
DA:4508,0
DA:4509,0
DA:4510,0
DA:4511,0
DA:4512,0
DA:4513,0
DA:4514,0
DA:4515,0
DA:4516,0
DA:4517,0
DA:4518,0
DA:4519,0
DA:4520,0
DA:4521,0
DA:4522,0
DA:4523,0
DA:4524,0
DA:4525,0
DA:4526,0
DA:4527,0
DA:4528,0
DA:4529,0
DA:4530,0
DA:4531,0
DA:4532,0
DA:4533,0
DA:4538,0
DA:4539,0
DA:4540,0
DA:4541,0
DA:4542,0
DA:4543,0
DA:4544,0
DA:4545,0
DA:4546,0
DA:4547,0
DA:4548,0
DA:4549,0
DA:4550,0
DA:4551,0
DA:4552,0
DA:4553,0
DA:4554,0
DA:4555,0
DA:4556,0
DA:4557,0
DA:4558,0
DA:4559,0
DA:4560,0
DA:4561,0
DA:4562,0
DA:4563,0
DA:4564,0
DA:4565,0
DA:4566,0
DA:4567,0
DA:4568,0
DA:4569,0
DA:4570,0
DA:4571,0
DA:4572,0
DA:4573,0
DA:4577,18
DA:4578,28
DA:4579,36
DA:4580,74
DA:4581,48
DA:4582,53
DA:4583,0
DA:4584,0
DA:4585,4
DA:4586,66
DA:4587,55
DA:4588,0
DA:4589,0
DA:4590,2
DA:4591,2
DA:4592,9
DA:4595,0
DA:4599,0
DA:4603,0
DA:4604,0
DA:4605,0
DA:4606,0
DA:4607,0
DA:4608,0
DA:4609,0
DA:4610,0
DA:4611,0
DA:4612,0
DA:4613,0
DA:4614,0
DA:4615,0
DA:4616,0
DA:4617,0
DA:4618,0
DA:4619,0
DA:4620,0
DA:4621,0
DA:4622,0
DA:4623,0
DA:4624,0
DA:4628,0
DA:4629,0
DA:4630,0
DA:4631,0
DA:4632,0
DA:4633,0
DA:4634,0
DA:4635,0
DA:4636,0
DA:4637,0
DA:4638,0
DA:4639,0
DA:4640,0
DA:4641,0
DA:4642,0
DA:4643,0
DA:4644,0
DA:4645,0
DA:4646,0
DA:4647,0
DA:4648,0
DA:4649,0
DA:4650,0
DA:4651,0
DA:4652,0
DA:4653,0
DA:4654,0
DA:4655,0
DA:4656,0
DA:4657,0
DA:4658,0
DA:4659,0
DA:4660,0
DA:4661,0
DA:4662,0
DA:4663,0
DA:4664,0
DA:4665,0
DA:4666,0
DA:4667,0
DA:4668,0
DA:4669,0
DA:4670,0
DA:4671,0
DA:4672,0
DA:4673,0
DA:4674,0
DA:4675,0
DA:4676,0
DA:4677,0
DA:4678,0
DA:4679,0
DA:4680,0
DA:4681,0
DA:4685,0
DA:4686,0
DA:4687,0
DA:4688,0
DA:4689,0
DA:4693,0
DA:4694,0
DA:4695,0
DA:4696,0
DA:4697,0
DA:4698,0
DA:4699,0
DA:4700,0
DA:4701,0
DA:4702,0
DA:4703,0
DA:4704,0
DA:4705,0
DA:4706,0
DA:4707,0
DA:4711,0
DA:4715,9
DA:4716,106
DA:4717,16
DA:4718,47
DA:4719,60
DA:4720,64
DA:4723,0
DA:4724,0
DA:4728,0
DA:4729,0
DA:4730,0
DA:4731,0
DA:4732,0
DA:4736,0
DA:4737,0
DA:4738,0
DA:4742,0
DA:4743,0
DA:4744,0
DA:4745,0
DA:4746,0
DA:4747,0
DA:4751,0
DA:4752,0
DA:4756,0
DA:4757,0
DA:4761,0
DA:4762,0
DA:4763,0
DA:4764,0
DA:4765,0
DA:4766,0
DA:4767,0
DA:4768,0
DA:4769,0
DA:4770,0
DA:4771,0
DA:4772,0
DA:4773,0
DA:4774,0
DA:4775,0
DA:4776,0
DA:4777,0
DA:4778,0
DA:4779,0
DA:4780,0
DA:4781,0
DA:4782,0
DA:4783,0
DA:4784,0
DA:4785,0
DA:4786,0
DA:4787,0
DA:4788,0
DA:4789,0
DA:4790,0
DA:4791,0
DA:4792,0
DA:4793,0
DA:4794,0
DA:4795,0
DA:4796,0
DA:4797,0
DA:4798,0
DA:4799,0
DA:4800,0
DA:4801,0
DA:4802,0
DA:4803,0
DA:4804,0
DA:4805,0
DA:4806,0
DA:4807,0
DA:4808,0
DA:4809,0
DA:4810,0
DA:4811,0
DA:4812,0
DA:4813,0
DA:4814,0
DA:4815,0
DA:4816,0
DA:4817,0
DA:4818,0
DA:4819,0
DA:4820,0
DA:4821,0
DA:4822,0
DA:4823,0
DA:4824,0
DA:4825,0
DA:4826,0
DA:4827,0
DA:4828,0
DA:4829,0
DA:4830,0
DA:4831,0
DA:4832,0
DA:4833,0
DA:4834,0
DA:4835,0
DA:4836,0
DA:4840,0
DA:4841,0
DA:4842,0
DA:4843,0
DA:4844,0
DA:4845,0
DA:4846,0
DA:4847,0
DA:4848,0
DA:4849,0
DA:4850,0
DA:4851,0
DA:4852,0
DA:4853,0
DA:4854,0
DA:4855,0
DA:4856,0
DA:4857,0
DA:4858,0
DA:4859,0
DA:4860,0
DA:4861,0
DA:4862,0
DA:4863,0
DA:4864,0
DA:4865,0
DA:4866,0
DA:4867,0
DA:4868,0
DA:4869,0
DA:4870,0
DA:4871,0
DA:4872,0
DA:4873,0
DA:4874,0
DA:4875,0
DA:4876,0
DA:4877,0
DA:4878,0
DA:4879,0
DA:4880,0
DA:4881,0
DA:4882,0
DA:4883,0
DA:4884,0
DA:4885,0
DA:4886,0
DA:4887,0
DA:4888,0
DA:4889,0
DA:4890,0
DA:4891,0
DA:4892,0
DA:4893,0
DA:4894,0
DA:4895,0
DA:4896,0
DA:4897,0
DA:4898,0
DA:4899,0
DA:4900,0
DA:4901,0
DA:4902,0
DA:4903,0
DA:4904,0
DA:4905,0
DA:4906,0
DA:4907,0
DA:4908,0
DA:4909,0
DA:4910,0
DA:4911,0
DA:4912,0
DA:4913,0
DA:4914,0
DA:4915,0
DA:4916,0
DA:4917,0
DA:4918,0
DA:4919,0
DA:4920,0
DA:4921,0
DA:4922,0
DA:4923,0
DA:4924,0
DA:4925,0
DA:4926,0
DA:4927,0
DA:4928,0
DA:4929,0
DA:4930,0
DA:4931,0
DA:4932,0
DA:4933,0
DA:4934,0
DA:4935,0
DA:4936,0
DA:4937,0
DA:4938,0
DA:4939,0
DA:4940,0
DA:4941,0
DA:4942,0
DA:4943,0
DA:4944,0
DA:4945,0
DA:4946,0
DA:4947,0
DA:4948,0
DA:4949,0
DA:4950,0
DA:4951,0
DA:4952,0
DA:4953,0
DA:4954,0
DA:4955,0
DA:4956,0
DA:4957,0
DA:4958,0
DA:4959,0
DA:4960,0
DA:4961,0
DA:4962,0
DA:4963,0
DA:4964,0
DA:4965,0
DA:4966,0
DA:4967,0
DA:4968,0
DA:4969,0
DA:4970,0
DA:4971,0
DA:4972,0
DA:4973,0
DA:4974,0
DA:4975,0
DA:4976,0
DA:4977,0
DA:4978,0
DA:4979,0
DA:4980,0
DA:4981,0
DA:4982,0
DA:4983,0
DA:4984,0
DA:4985,0
DA:4986,0
DA:4987,0
DA:4988,0
DA:4989,0
DA:4990,0
DA:4991,0
DA:4992,0
DA:4993,0
DA:4994,0
DA:4995,0
DA:4996,0
DA:4997,0
DA:4998,0
DA:4999,0
DA:5000,0
DA:5001,0
DA:5002,0
DA:5003,0
DA:5004,0
DA:5005,0
DA:5006,0
DA:5007,0
DA:5008,0
DA:5009,0
DA:5010,0
DA:5011,0
DA:5012,0
DA:5013,0
DA:5014,0
DA:5015,0
DA:5016,0
DA:5017,0
DA:5018,0
DA:5019,0
DA:5020,0
DA:5021,0
DA:5022,0
DA:5023,0
DA:5024,0
DA:5025,0
DA:5026,0
DA:5027,0
DA:5028,0
DA:5029,0
DA:5030,0
DA:5031,0
DA:5032,0
DA:5033,0
DA:5034,0
DA:5035,0
DA:5036,0
DA:5037,0
DA:5038,0
DA:5039,0
DA:5040,0
DA:5041,0
DA:5042,0
DA:5043,0
DA:5044,0
DA:5045,0
DA:5046,0
DA:5047,0
DA:5048,0
DA:5049,0
DA:5050,0
DA:5051,0
DA:5052,0
DA:5053,0
DA:5054,0
DA:5055,0
DA:5056,0
DA:5057,0
DA:5058,0
DA:5059,0
DA:5060,0
DA:5061,0
DA:5062,0
DA:5063,0
DA:5064,0
DA:5065,0
DA:5066,0
DA:5067,0
DA:5068,0
DA:5069,0
DA:5070,0
DA:5071,0
DA:5072,0
DA:5073,0
DA:5074,0
DA:5075,0
DA:5076,0
DA:5077,0
DA:5078,0
DA:5079,0
DA:5080,0
DA:5081,0
DA:5082,0
DA:5083,0
DA:5084,0
DA:5085,0
DA:5086,0
DA:5087,0
DA:5088,0
DA:5089,0
DA:5090,0
DA:5091,0
DA:5092,0
DA:5093,0
DA:5094,0
DA:5095,0
DA:5096,0
DA:5097,0
DA:5098,0
DA:5099,0
DA:5100,0
DA:5101,0
DA:5102,0
DA:5103,0
DA:5104,0
DA:5105,0
DA:5106,0
DA:5107,0
DA:5108,0
DA:5109,0
DA:5110,0
DA:5111,0
DA:5112,0
DA:5113,0
DA:5114,0
DA:5115,0
DA:5116,0
DA:5117,0
DA:5118,0
DA:5119,0
DA:5120,0
DA:5121,0
DA:5122,0
DA:5123,0
DA:5124,0
DA:5125,0
DA:5126,0
DA:5127,0
DA:5128,0
DA:5129,0
DA:5130,0
DA:5131,0
DA:5132,0
DA:5133,0
DA:5134,0
DA:5135,0
DA:5136,0
DA:5137,0
DA:5138,0
DA:5139,0
DA:5140,0
DA:5141,0
DA:5142,0
DA:5143,0
DA:5144,0
DA:5145,0
DA:5146,0
DA:5147,0
DA:5148,0
DA:5149,0
DA:5150,0
DA:5151,0
DA:5152,0
DA:5153,0
DA:5154,0
DA:5155,0
DA:5156,0
DA:5157,0
DA:5158,0
DA:5159,0
DA:5160,0
DA:5161,0
DA:5162,0
DA:5163,0
DA:5164,0
DA:5165,0
DA:5166,0
DA:5167,0
DA:5168,0
DA:5169,0
DA:5170,0
DA:5171,0
DA:5172,0
DA:5173,0
DA:5174,0
DA:5175,0
DA:5176,0
DA:5177,0
DA:5178,0
DA:5179,0
DA:5180,0
DA:5181,0
DA:5182,0
DA:5183,0
DA:5184,0
DA:5185,0
DA:5186,0
DA:5187,0
DA:5188,0
DA:5189,0
DA:5190,0
DA:5191,0
DA:5192,0
DA:5193,0
DA:5194,0
DA:5195,0
DA:5196,0
DA:5197,0
DA:5198,0
DA:5199,0
DA:5200,0
DA:5201,0
DA:5202,0
DA:5203,0
DA:5204,0
DA:5205,0
DA:5206,0
DA:5207,0
DA:5208,0
DA:5209,0
DA:5210,0
DA:5211,0
DA:5212,0
DA:5213,0
DA:5214,0
DA:5215,0
DA:5216,0
DA:5217,0
DA:5218,0
DA:5219,0
DA:5220,0
DA:5221,0
DA:5222,0
DA:5223,0
DA:5224,0
DA:5225,0
DA:5226,0
DA:5227,0
DA:5228,0
DA:5229,0
DA:5230,0
DA:5231,0
DA:5232,0
DA:5233,0
DA:5234,0
DA:5235,0
DA:5236,98
LF:4629
LH:810
end_of_record
TN:
SF:workers\session-refresh.ts
FNF:23
FNH:23
DA:22,97
DA:23,69
DA:24,82
DA:25,76
DA:31,42
DA:34,35
DA:41,14
DA:42,75
DA:45,24
DA:46,34
DA:47,48
DA:48,28
DA:49,32
DA:50,31
DA:51,44
DA:52,31
DA:53,2
DA:54,2
DA:55,11
DA:62,11
DA:63,33
DA:64,37
DA:65,9
DA:66,67
DA:67,86
DA:68,45
DA:69,51
DA:70,0
DA:71,0
DA:76,21
DA:77,38
DA:78,31
DA:79,19
DA:80,54
DA:81,42
DA:82,20
DA:86,31
DA:87,34
DA:88,11
DA:89,25
DA:90,55
DA:91,32
DA:92,22
DA:96,25
DA:97,28
DA:98,11
DA:99,25
DA:100,73
DA:101,10
DA:104,9
DA:105,27
DA:106,7
DA:107,28
DA:108,28
DA:109,22
DA:110,31
DA:119,12
DA:120,14
DA:121,11
DA:122,25
DA:123,21
DA:124,37
DA:125,57
DA:126,2
DA:127,79
DA:128,11
DA:132,23
DA:133,49
DA:135,44
DA:136,28
DA:138,39
DA:141,36
DA:143,45
DA:151,22
DA:152,51
DA:153,15
DA:154,9
DA:155,59
DA:156,21
DA:157,18
DA:158,29
DA:159,40
DA:160,8
DA:161,33
DA:162,6
DA:163,19
DA:165,77
DA:166,34
DA:169,53
DA:171,33
DA:174,40
DA:175,2
DA:177,17
DA:178,0
DA:179,0
DA:180,2
DA:182,20
DA:183,79
DA:184,55
DA:187,36
DA:188,33
DA:189,48
DA:190,37
DA:191,84
DA:192,2
DA:193,40
DA:194,28
DA:195,36
DA:196,9
DA:197,3
DA:204,6
DA:205,9
DA:206,5
DA:207,7
DA:208,3
DA:209,35
DA:210,53
DA:212,79
DA:213,22
DA:214,2
DA:216,58
DA:217,42
DA:218,22
DA:219,2
DA:221,47
DA:222,63
DA:224,71
DA:225,44
DA:226,55
DA:227,21
DA:228,37
DA:229,0
DA:230,2
DA:232,3
DA:234,67
DA:235,81
LF:136
LH:131
end_of_record
